2024-03-01 18:58:00.117 [warning] Running on the desktop; workspaceId=79bb59ffd0684f402561c6ff0cbf0e50; storageUri=vscode-userdata:/home/mrv/.config/Code/User/globalStorage/ms-vscode.remote-repositories
2024-03-01 18:58:00.121 [info] [ GHPR] Not currently installed or enabled; waiting...
2024-03-01 18:58:00.125 [info] [    2] fs.readFile(vscode-vfs://github/Raphael-08/test/.vscode/settings.json)
2024-03-01 18:58:00.125 [info] [    3] fs.readFile(vscode-vfs://github/Raphael-08/test/.vscode/tasks.json)
2024-03-01 18:58:00.125 [info] [    4] fs.readFile(vscode-vfs://github/Raphael-08/test/.vscode/launch.json)
2024-03-01 18:58:00.125 [info] [    5] fs.stat(vscode-vfs://github/Raphael-08/test/.vscode/settings.json)
2024-03-01 18:58:00.125 [info] [    6] fs.stat(vscode-vfs://github/Raphael-08/test/.vscode/tasks.json)
2024-03-01 18:58:00.125 [info] [    7] fs.stat(vscode-vfs://github/Raphael-08/test/.vscode/launch.json)
2024-03-01 18:58:00.128 [info] [    8] fs.stat(vscode-vfs://github/Raphael-08/test)
2024-03-01 18:58:00.128 [info] [    9] fs.readFile(vscode-vfs://github/Raphael-08/test/test.txt)
2024-03-01 18:58:00.128 [info] [   10] fs.stat(vscode-vfs://github/Raphael-08/test/test.txt)
2024-03-01 18:58:00.175 [info] [    2] fs.readFile(vscode-vfs://github/Raphael-08/test/.vscode/settings.json): Not found • ChangeStore query took 0 ms • Querying provider...
2024-03-01 18:58:00.175 [info] [    3] fs.readFile(vscode-vfs://github/Raphael-08/test/.vscode/tasks.json): Not found • ChangeStore query took 1 ms • Querying provider...
2024-03-01 18:58:00.175 [info] [    4] fs.readFile(vscode-vfs://github/Raphael-08/test/.vscode/launch.json): Not found • ChangeStore query took 1 ms • Querying provider...
2024-03-01 18:58:00.176 [info] [    6] fs.stat(vscode-vfs://github/Raphael-08/test/.vscode/tasks.json): Not found • ChangeStore query took 1 ms • Querying provider...
2024-03-01 18:58:00.176 [info] [    9] fs.readFile(vscode-vfs://github/Raphael-08/test/test.txt): Not found • ChangeStore query took 1 ms • Querying provider...
2024-03-01 18:58:00.176 [info] [    7] fs.stat(vscode-vfs://github/Raphael-08/test/.vscode/launch.json): Not found • ChangeStore query took 1 ms • Querying provider...
2024-03-01 18:58:00.176 [info] [    8] fs.stat(vscode-vfs://github/Raphael-08/test): Not found • ChangeStore query took 1 ms • Querying provider...
2024-03-01 18:58:00.176 [info] [   10] fs.stat(vscode-vfs://github/Raphael-08/test/test.txt): Not found • ChangeStore query took 1 ms • Querying provider...
2024-03-01 18:58:00.212 [info] [   12] fs.stat(vscode-vfs://github/Raphael-08/test/.gitignore)
2024-03-01 18:58:01.512 [warning] [    8] fs.stat(vscode-vfs://github/Raphael-08/test) took 1383 ms (Provider query took 1335 ms)
2024-03-01 18:58:01.529 [info] [   13] fs.readDirectory(vscode-vfs://github/Raphael-08/test)
2024-03-01 18:58:01.731 [info] [   14] fs.stat(vscode-vfs://github/Raphael-08/test/.vscode)
2024-03-01 18:58:01.765 [info] [   15] fs.stat(vscode-vfs://github/Raphael-08/test/.git/config)
2024-03-01 18:58:01.801 [info] [   16] fs.readFile(vscode-vfs://github/Raphael-08/test/.vscode/extensions.json)
2024-03-01 18:58:01.802 [info] [   17] fs.readFile(vscode-vfs://github/Raphael-08/test/.git/config)
2024-03-01 18:58:01.802 [info] [   18] fs.stat(vscode-vfs://github/Raphael-08/test/.vscode/extensions.json)
2024-03-01 18:58:01.939 [info] [   15] fs.stat(vscode-vfs://github/Raphael-08/test/.git/config) took 174 ms (Provider query took 173 ms)
2024-03-01 18:58:01.940 [info] [   19] fs.stat(vscode-vfs://github/Raphael-08/test/.git/config)
2024-03-01 18:58:01.940 [info] [   17] fs.readFile(vscode-vfs://github/Raphael-08/test/.git/config) took 137 ms (Provider query took 137 ms)
2024-03-01 18:58:01.940 [info] [   19] fs.stat(vscode-vfs://github/Raphael-08/test/.git/config) took 0 ms (Provider query took 0 ms)
2024-03-01 18:58:01.941 [info] [   20] fs.readFile(vscode-vfs://github/Raphael-08/test/.devcontainer/devcontainer.json)
2024-03-01 18:58:01.942 [info] [   20] fs.readFile(vscode-vfs://github/Raphael-08/test/.devcontainer/devcontainer.json) took 0 ms (Provider query took 0 ms)
2024-03-01 18:58:01.942 [info] [   21] fs.stat(vscode-vfs://github/Raphael-08/test/.devcontainer/devcontainer.json)
2024-03-01 18:58:01.942 [info] [   21] fs.stat(vscode-vfs://github/Raphael-08/test/.devcontainer/devcontainer.json) took 0 ms (Provider query took 0 ms)
2024-03-01 18:58:01.942 [info] [   22] fs.readFile(vscode-vfs://github/Raphael-08/test/pom.xml)
2024-03-01 18:58:01.942 [info] [   22] fs.readFile(vscode-vfs://github/Raphael-08/test/pom.xml) took 0 ms (Provider query took 0 ms)
2024-03-01 18:58:01.942 [info] [   23] fs.stat(vscode-vfs://github/Raphael-08/test/pom.xml)
2024-03-01 18:58:01.943 [info] [   23] fs.stat(vscode-vfs://github/Raphael-08/test/pom.xml) took 0 ms (Provider query took 0 ms)
2024-03-01 18:58:01.943 [info] [   24] fs.readFile(vscode-vfs://github/Raphael-08/test/build.gradle)
2024-03-01 18:58:01.943 [info] [   24] fs.readFile(vscode-vfs://github/Raphael-08/test/build.gradle) took 0 ms (Provider query took 0 ms)
2024-03-01 18:58:01.943 [info] [   25] fs.stat(vscode-vfs://github/Raphael-08/test/build.gradle)
2024-03-01 18:58:01.943 [info] [   25] fs.stat(vscode-vfs://github/Raphael-08/test/build.gradle) took 0 ms (Provider query took 0 ms)
2024-03-01 18:58:01.944 [info] [   26] fs.readFile(vscode-vfs://github/Raphael-08/test/.vscode/.github-pull-request.rec)
2024-03-01 18:58:01.944 [info] [   26] fs.readFile(vscode-vfs://github/Raphael-08/test/.vscode/.github-pull-request.rec) took 0 ms (Provider query took 0 ms)
2024-03-01 18:58:01.944 [info] [   27] fs.stat(vscode-vfs://github/Raphael-08/test/.vscode/.github-pull-request.rec)
2024-03-01 18:58:01.944 [info] [   27] fs.stat(vscode-vfs://github/Raphael-08/test/.vscode/.github-pull-request.rec) took 0 ms (Provider query took 0 ms)
2024-03-01 18:58:01.945 [info] [   28] fs.readFile(vscode-vfs://github/Raphael-08/test/pyproject.toml)
2024-03-01 18:58:01.945 [info] [   28] fs.readFile(vscode-vfs://github/Raphael-08/test/pyproject.toml) took 0 ms (Provider query took 0 ms)
2024-03-01 18:58:01.945 [info] [   29] fs.stat(vscode-vfs://github/Raphael-08/test/pyproject.toml)
2024-03-01 18:58:01.946 [info] [   29] fs.stat(vscode-vfs://github/Raphael-08/test/pyproject.toml) took 0 ms (Provider query took 0 ms)
2024-03-01 18:58:01.946 [info] [   30] fs.readFile(vscode-vfs://github/Raphael-08/test/.pep8)
2024-03-01 18:58:01.947 [info] [   30] fs.readFile(vscode-vfs://github/Raphael-08/test/.pep8) took 0 ms (Provider query took 0 ms)
2024-03-01 18:58:01.947 [info] [   31] fs.stat(vscode-vfs://github/Raphael-08/test/.pep8)
2024-03-01 18:58:01.947 [info] [   31] fs.stat(vscode-vfs://github/Raphael-08/test/.pep8) took 0 ms (Provider query took 0 ms)
2024-03-01 18:58:01.947 [info] [   32] fs.readFile(vscode-vfs://github/Raphael-08/test/setup.cfg)
2024-03-01 18:58:01.948 [info] [   32] fs.readFile(vscode-vfs://github/Raphael-08/test/setup.cfg) took 0 ms (Provider query took 0 ms)
2024-03-01 18:58:01.948 [info] [   33] fs.stat(vscode-vfs://github/Raphael-08/test/setup.cfg)
2024-03-01 18:58:01.948 [info] [   33] fs.stat(vscode-vfs://github/Raphael-08/test/setup.cfg) took 0 ms (Provider query took 0 ms)
2024-03-01 18:58:01.949 [info] [   34] fs.readFile(vscode-vfs://github/Raphael-08/test/tox.ini)
2024-03-01 18:58:01.949 [info] [   34] fs.readFile(vscode-vfs://github/Raphael-08/test/tox.ini) took 0 ms (Provider query took 0 ms)
2024-03-01 18:58:01.949 [info] [   35] fs.stat(vscode-vfs://github/Raphael-08/test/tox.ini)
2024-03-01 18:58:01.949 [info] [   35] fs.stat(vscode-vfs://github/Raphael-08/test/tox.ini) took 0 ms (Provider query took 0 ms)
2024-03-01 18:58:01.950 [info] [   36] fs.readFile(vscode-vfs://github/Raphael-08/test/.pylintrc)
2024-03-01 18:58:01.950 [info] [   36] fs.readFile(vscode-vfs://github/Raphael-08/test/.pylintrc) took 0 ms (Provider query took 0 ms)
2024-03-01 18:58:01.950 [info] [   37] fs.stat(vscode-vfs://github/Raphael-08/test/.pylintrc)
2024-03-01 18:58:01.951 [info] [   37] fs.stat(vscode-vfs://github/Raphael-08/test/.pylintrc) took 0 ms (Provider query took 0 ms)
2024-03-01 18:58:01.951 [info] [   38] fs.readFile(vscode-vfs://github/Raphael-08/test/pylintrc)
2024-03-01 18:58:01.951 [info] [   38] fs.readFile(vscode-vfs://github/Raphael-08/test/pylintrc) took 0 ms (Provider query took 0 ms)
2024-03-01 18:58:01.952 [info] [   39] fs.stat(vscode-vfs://github/Raphael-08/test/pylintrc)
2024-03-01 18:58:01.952 [info] [   39] fs.stat(vscode-vfs://github/Raphael-08/test/pylintrc) took 0 ms (Provider query took 0 ms)
2024-03-01 18:58:01.952 [info] [   40] fs.readFile(vscode-vfs://github/Raphael-08/test/.mypy.ini)
2024-03-01 18:58:01.952 [info] [   40] fs.readFile(vscode-vfs://github/Raphael-08/test/.mypy.ini) took 0 ms (Provider query took 0 ms)
2024-03-01 18:58:01.952 [info] [   41] fs.stat(vscode-vfs://github/Raphael-08/test/.mypy.ini)
2024-03-01 18:58:01.952 [info] [   41] fs.stat(vscode-vfs://github/Raphael-08/test/.mypy.ini) took 0 ms (Provider query took 0 ms)
2024-03-01 18:58:01.954 [info] [   42] fs.readFile(vscode-vfs://github/Raphael-08/test/.flake8)
2024-03-01 18:58:01.955 [info] [   42] fs.readFile(vscode-vfs://github/Raphael-08/test/.flake8) took 0 ms (Provider query took 0 ms)
2024-03-01 18:58:01.955 [info] [   43] fs.stat(vscode-vfs://github/Raphael-08/test/.flake8)
2024-03-01 18:58:01.955 [info] [   43] fs.stat(vscode-vfs://github/Raphael-08/test/.flake8) took 0 ms (Provider query took 0 ms)
2024-03-01 18:58:01.970 [warning] [   12] fs.stat(vscode-vfs://github/Raphael-08/test/.gitignore) took 1758 ms (Provider query took 1758 ms)
2024-03-01 18:58:01.970 [info] [   13] fs.readDirectory(vscode-vfs://github/Raphael-08/test) took 440 ms (Provider query took 440 ms)
2024-03-01 18:58:01.970 [info] [   14] fs.stat(vscode-vfs://github/Raphael-08/test/.vscode) took 238 ms (Provider query took 238 ms)
2024-03-01 18:58:01.977 [warning] [   10] fs.stat(vscode-vfs://github/Raphael-08/test/test.txt) took 1848 ms (Provider query took 1800 ms)
2024-03-01 18:58:01.983 [info] [   44] fs.stat(vscode-vfs://github/Raphael-08/test/test.txt)
2024-03-01 18:58:01.983 [info] [   44] fs.stat(vscode-vfs://github/Raphael-08/test/test.txt) took 0 ms (Provider query took 0 ms)
2024-03-01 18:58:01.983 [info] [   45] fs.stat(vscode-vfs://github/Raphael-08/test/another.txt)
2024-03-01 18:58:01.983 [info] [   45] fs.stat(vscode-vfs://github/Raphael-08/test/another.txt) took 0 ms (Provider query took 0 ms)
2024-03-01 18:58:02.010 [warning] [    6] fs.stat(vscode-vfs://github/Raphael-08/test/.vscode/tasks.json) took 1884 ms (Provider query took 1834 ms)
2024-03-01 18:58:02.010 [warning] [    7] fs.stat(vscode-vfs://github/Raphael-08/test/.vscode/launch.json) took 1884 ms (Provider query took 1834 ms)
2024-03-01 18:58:02.010 [info] [   18] fs.stat(vscode-vfs://github/Raphael-08/test/.vscode/extensions.json) took 207 ms (Provider query took 207 ms)
2024-03-01 18:58:02.010 [warning] [    2] fs.readFile(vscode-vfs://github/Raphael-08/test/.vscode/settings.json) took 1885 ms (Provider query took 1835 ms)
2024-03-01 18:58:02.010 [warning] [    3] fs.readFile(vscode-vfs://github/Raphael-08/test/.vscode/tasks.json) took 1885 ms (Provider query took 1834 ms)
2024-03-01 18:58:02.010 [warning] [    4] fs.readFile(vscode-vfs://github/Raphael-08/test/.vscode/launch.json) took 1884 ms (Provider query took 1834 ms)
2024-03-01 18:58:02.010 [info] [   16] fs.readFile(vscode-vfs://github/Raphael-08/test/.vscode/extensions.json) took 208 ms (Provider query took 208 ms)
2024-03-01 18:58:02.010 [info] [   46] fs.stat(vscode-vfs://github/Raphael-08/test/.vscode/extensions.json)
2024-03-01 18:58:02.010 [info] [   47] fs.readFile(vscode-vfs://github/Raphael-08/test/.vscode/extensions.json)
2024-03-01 18:58:02.010 [info] [   46] fs.stat(vscode-vfs://github/Raphael-08/test/.vscode/extensions.json) took 0 ms (Provider query took 0 ms)
2024-03-01 18:58:02.010 [info] [   47] fs.readFile(vscode-vfs://github/Raphael-08/test/.vscode/extensions.json) took 0 ms (Provider query took 0 ms)
2024-03-01 18:58:02.037 [info] [   48] fs.readFile(vscode-vfs://github/Raphael-08/test/.vscode/tasks.json)
2024-03-01 18:58:02.037 [info] [   48] fs.readFile(vscode-vfs://github/Raphael-08/test/.vscode/tasks.json) took 0 ms (Provider query took 0 ms)
2024-03-01 18:58:02.038 [info] [   49] fs.stat(vscode-vfs://github/Raphael-08/test/.vscode/tasks.json)
2024-03-01 18:58:02.038 [info] [   49] fs.stat(vscode-vfs://github/Raphael-08/test/.vscode/tasks.json) took 0 ms (Provider query took 0 ms)
2024-03-01 18:58:02.038 [info] [   50] fs.readFile(vscode-vfs://github/Raphael-08/test/.vscode/launch.json)
2024-03-01 18:58:02.038 [info] [   50] fs.readFile(vscode-vfs://github/Raphael-08/test/.vscode/launch.json) took 0 ms (Provider query took 0 ms)
2024-03-01 18:58:02.038 [info] [   51] fs.stat(vscode-vfs://github/Raphael-08/test/.vscode/launch.json)
2024-03-01 18:58:02.038 [info] [   51] fs.stat(vscode-vfs://github/Raphael-08/test/.vscode/launch.json) took 0 ms (Provider query took 0 ms)
2024-03-01 18:58:02.050 [warning] [    5] fs.stat(vscode-vfs://github/Raphael-08/test/.vscode/settings.json) took 1924 ms (Provider query took 0 ms)
2024-03-01 18:58:02.085 [info] [   52] fs.readFile(vscode-vfs://github/Raphael-08/test/.vscode/tasks.json)
2024-03-01 18:58:02.085 [info] [   52] fs.readFile(vscode-vfs://github/Raphael-08/test/.vscode/tasks.json) took 0 ms (Provider query took 0 ms)
2024-03-01 18:58:02.085 [info] [   53] fs.stat(vscode-vfs://github/Raphael-08/test/.vscode/tasks.json)
2024-03-01 18:58:02.086 [info] [   53] fs.stat(vscode-vfs://github/Raphael-08/test/.vscode/tasks.json) took 0 ms (Provider query took 0 ms)
2024-03-01 18:58:02.086 [info] [   54] fs.readFile(vscode-vfs://github/Raphael-08/test/.vscode/launch.json)
2024-03-01 18:58:02.086 [info] [   54] fs.readFile(vscode-vfs://github/Raphael-08/test/.vscode/launch.json) took 0 ms (Provider query took 0 ms)
2024-03-01 18:58:02.086 [info] [   55] fs.stat(vscode-vfs://github/Raphael-08/test/.vscode/launch.json)
2024-03-01 18:58:02.086 [info] [   55] fs.stat(vscode-vfs://github/Raphael-08/test/.vscode/launch.json) took 0 ms (Provider query took 0 ms)
2024-03-01 18:58:02.086 [info] [   56] fs.readFile(vscode-vfs://github/Raphael-08/test/.vscode/settings.json)
2024-03-01 18:58:02.086 [info] [   56] fs.readFile(vscode-vfs://github/Raphael-08/test/.vscode/settings.json) took 0 ms (Provider query took 0 ms)
2024-03-01 18:58:02.086 [info] [   57] fs.stat(vscode-vfs://github/Raphael-08/test/.vscode/settings.json)
2024-03-01 18:58:02.086 [info] [   57] fs.stat(vscode-vfs://github/Raphael-08/test/.vscode/settings.json) took 0 ms (Provider query took 0 ms)
2024-03-01 18:58:02.088 [info] [   58] fs.readFile(vscode-vfs://github/Raphael-08/test/.vscode/tasks.json)
2024-03-01 18:58:02.088 [info] [   58] fs.readFile(vscode-vfs://github/Raphael-08/test/.vscode/tasks.json) took 0 ms (Provider query took 0 ms)
2024-03-01 18:58:02.088 [info] [   59] fs.stat(vscode-vfs://github/Raphael-08/test/.vscode/tasks.json)
2024-03-01 18:58:02.088 [info] [   59] fs.stat(vscode-vfs://github/Raphael-08/test/.vscode/tasks.json) took 0 ms (Provider query took 0 ms)
2024-03-01 18:58:02.088 [info] [   60] fs.readFile(vscode-vfs://github/Raphael-08/test/.vscode/launch.json)
2024-03-01 18:58:02.088 [info] [   60] fs.readFile(vscode-vfs://github/Raphael-08/test/.vscode/launch.json) took 0 ms (Provider query took 0 ms)
2024-03-01 18:58:02.088 [info] [   61] fs.stat(vscode-vfs://github/Raphael-08/test/.vscode/launch.json)
2024-03-01 18:58:02.088 [info] [   61] fs.stat(vscode-vfs://github/Raphael-08/test/.vscode/launch.json) took 0 ms (Provider query took 0 ms)
2024-03-01 18:58:02.088 [info] [   62] fs.readFile(vscode-vfs://github/Raphael-08/test/.vscode/settings.json)
2024-03-01 18:58:02.088 [info] [   62] fs.readFile(vscode-vfs://github/Raphael-08/test/.vscode/settings.json) took 0 ms (Provider query took 0 ms)
2024-03-01 18:58:02.089 [info] [   63] fs.stat(vscode-vfs://github/Raphael-08/test/.vscode/settings.json)
2024-03-01 18:58:02.089 [info] [   63] fs.stat(vscode-vfs://github/Raphael-08/test/.vscode/settings.json) took 0 ms (Provider query took 0 ms)
2024-03-01 18:58:02.089 [info] [   64] fs.readFile(vscode-vfs://github/Raphael-08/test/.vscode/tasks.json)
2024-03-01 18:58:02.089 [info] [   64] fs.readFile(vscode-vfs://github/Raphael-08/test/.vscode/tasks.json) took 0 ms (Provider query took 0 ms)
2024-03-01 18:58:02.089 [info] [   65] fs.stat(vscode-vfs://github/Raphael-08/test/.vscode/tasks.json)
2024-03-01 18:58:02.089 [info] [   65] fs.stat(vscode-vfs://github/Raphael-08/test/.vscode/tasks.json) took 0 ms (Provider query took 0 ms)
2024-03-01 18:58:02.090 [info] [   66] fs.readFile(vscode-vfs://github/Raphael-08/test/.vscode/launch.json)
2024-03-01 18:58:02.090 [info] [   66] fs.readFile(vscode-vfs://github/Raphael-08/test/.vscode/launch.json) took 0 ms (Provider query took 0 ms)
2024-03-01 18:58:02.090 [info] [   67] fs.stat(vscode-vfs://github/Raphael-08/test/.vscode/launch.json)
2024-03-01 18:58:02.090 [info] [   67] fs.stat(vscode-vfs://github/Raphael-08/test/.vscode/launch.json) took 0 ms (Provider query took 0 ms)
2024-03-01 18:58:02.090 [info] [   68] fs.readFile(vscode-vfs://github/Raphael-08/test/.vscode/settings.json)
2024-03-01 18:58:02.090 [info] [   68] fs.readFile(vscode-vfs://github/Raphael-08/test/.vscode/settings.json) took 0 ms (Provider query took 0 ms)
2024-03-01 18:58:02.090 [info] [   69] fs.stat(vscode-vfs://github/Raphael-08/test/.vscode/settings.json)
2024-03-01 18:58:02.090 [info] [   69] fs.stat(vscode-vfs://github/Raphael-08/test/.vscode/settings.json) took 0 ms (Provider query took 0 ms)
2024-03-01 18:58:02.090 [info] [   70] fs.readFile(vscode-vfs://github/Raphael-08/test/.vscode/tasks.json)
2024-03-01 18:58:02.090 [info] [   70] fs.readFile(vscode-vfs://github/Raphael-08/test/.vscode/tasks.json) took 0 ms (Provider query took 0 ms)
2024-03-01 18:58:02.090 [info] [   71] fs.stat(vscode-vfs://github/Raphael-08/test/.vscode/tasks.json)
2024-03-01 18:58:02.090 [info] [   71] fs.stat(vscode-vfs://github/Raphael-08/test/.vscode/tasks.json) took 0 ms (Provider query took 0 ms)
2024-03-01 18:58:02.091 [info] [   72] fs.readFile(vscode-vfs://github/Raphael-08/test/.vscode/launch.json)
2024-03-01 18:58:02.091 [info] [   72] fs.readFile(vscode-vfs://github/Raphael-08/test/.vscode/launch.json) took 0 ms (Provider query took 0 ms)
2024-03-01 18:58:02.091 [info] [   73] fs.stat(vscode-vfs://github/Raphael-08/test/.vscode/launch.json)
2024-03-01 18:58:02.091 [info] [   73] fs.stat(vscode-vfs://github/Raphael-08/test/.vscode/launch.json) took 0 ms (Provider query took 0 ms)
2024-03-01 18:58:02.091 [info] [   74] fs.readFile(vscode-vfs://github/Raphael-08/test/.vscode/settings.json)
2024-03-01 18:58:02.091 [info] [   74] fs.readFile(vscode-vfs://github/Raphael-08/test/.vscode/settings.json) took 0 ms (Provider query took 0 ms)
2024-03-01 18:58:02.091 [info] [   75] fs.stat(vscode-vfs://github/Raphael-08/test/.vscode/settings.json)
2024-03-01 18:58:02.091 [info] [   75] fs.stat(vscode-vfs://github/Raphael-08/test/.vscode/settings.json) took 0 ms (Provider query took 0 ms)
2024-03-01 18:58:02.091 [info] [   76] fs.readFile(vscode-vfs://github/Raphael-08/test/.vscode/tasks.json)
2024-03-01 18:58:02.091 [info] [   76] fs.readFile(vscode-vfs://github/Raphael-08/test/.vscode/tasks.json) took 0 ms (Provider query took 0 ms)
2024-03-01 18:58:02.091 [info] [   77] fs.stat(vscode-vfs://github/Raphael-08/test/.vscode/tasks.json)
2024-03-01 18:58:02.091 [info] [   77] fs.stat(vscode-vfs://github/Raphael-08/test/.vscode/tasks.json) took 0 ms (Provider query took 0 ms)
2024-03-01 18:58:02.092 [info] [   78] fs.readFile(vscode-vfs://github/Raphael-08/test/.vscode/launch.json)
2024-03-01 18:58:02.092 [info] [   78] fs.readFile(vscode-vfs://github/Raphael-08/test/.vscode/launch.json) took 0 ms (Provider query took 0 ms)
2024-03-01 18:58:02.092 [info] [   79] fs.stat(vscode-vfs://github/Raphael-08/test/.vscode/launch.json)
2024-03-01 18:58:02.092 [info] [   79] fs.stat(vscode-vfs://github/Raphael-08/test/.vscode/launch.json) took 0 ms (Provider query took 0 ms)
2024-03-01 18:58:02.092 [info] [   80] fs.readFile(vscode-vfs://github/Raphael-08/test/.vscode/settings.json)
2024-03-01 18:58:02.092 [info] [   80] fs.readFile(vscode-vfs://github/Raphael-08/test/.vscode/settings.json) took 0 ms (Provider query took 0 ms)
2024-03-01 18:58:02.092 [info] [   81] fs.stat(vscode-vfs://github/Raphael-08/test/.vscode/settings.json)
2024-03-01 18:58:02.092 [info] [   81] fs.stat(vscode-vfs://github/Raphael-08/test/.vscode/settings.json) took 0 ms (Provider query took 0 ms)
2024-03-01 18:58:02.092 [info] [   82] fs.readFile(vscode-vfs://github/Raphael-08/test/.vscode/tasks.json)
2024-03-01 18:58:02.092 [info] [   82] fs.readFile(vscode-vfs://github/Raphael-08/test/.vscode/tasks.json) took 0 ms (Provider query took 0 ms)
2024-03-01 18:58:02.092 [info] [   83] fs.stat(vscode-vfs://github/Raphael-08/test/.vscode/tasks.json)
2024-03-01 18:58:02.092 [info] [   83] fs.stat(vscode-vfs://github/Raphael-08/test/.vscode/tasks.json) took 0 ms (Provider query took 0 ms)
2024-03-01 18:58:02.092 [info] [   84] fs.readFile(vscode-vfs://github/Raphael-08/test/.vscode/launch.json)
2024-03-01 18:58:02.093 [info] [   84] fs.readFile(vscode-vfs://github/Raphael-08/test/.vscode/launch.json) took 0 ms (Provider query took 0 ms)
2024-03-01 18:58:02.093 [info] [   85] fs.stat(vscode-vfs://github/Raphael-08/test/.vscode/launch.json)
2024-03-01 18:58:02.093 [info] [   85] fs.stat(vscode-vfs://github/Raphael-08/test/.vscode/launch.json) took 0 ms (Provider query took 0 ms)
2024-03-01 18:58:02.095 [info] [   86] fs.readFile(vscode-vfs://github/Raphael-08/test/.vscode/settings.json)
2024-03-01 18:58:02.095 [info] [   86] fs.readFile(vscode-vfs://github/Raphael-08/test/.vscode/settings.json) took 0 ms (Provider query took 0 ms)
2024-03-01 18:58:02.095 [info] [   87] fs.stat(vscode-vfs://github/Raphael-08/test/.vscode/settings.json)
2024-03-01 18:58:02.095 [info] [   87] fs.stat(vscode-vfs://github/Raphael-08/test/.vscode/settings.json) took 0 ms (Provider query took 0 ms)
2024-03-01 18:58:02.107 [info] [   88] fs.readFile(vscode-vfs://github/Raphael-08/test/.vscode/settings.json)
2024-03-01 18:58:02.107 [info] [   88] fs.readFile(vscode-vfs://github/Raphael-08/test/.vscode/settings.json) took 0 ms (Provider query took 0 ms)
2024-03-01 18:58:02.107 [info] [   89] fs.stat(vscode-vfs://github/Raphael-08/test/.vscode/settings.json)
2024-03-01 18:58:02.107 [info] [   89] fs.stat(vscode-vfs://github/Raphael-08/test/.vscode/settings.json) took 0 ms (Provider query took 0 ms)
2024-03-01 18:58:02.499 [warning] [    9] fs.readFile(vscode-vfs://github/Raphael-08/test/test.txt) took 2370 ms (Provider query took 2322 ms)
2024-03-01 18:58:02.510 [info] [   90] fs.stat(vscode-vfs://github/Raphael-08/test/test.txt)
2024-03-01 18:58:02.510 [info] [   90] fs.stat(vscode-vfs://github/Raphael-08/test/test.txt) took 0 ms (Provider query took 0 ms)
2024-03-01 18:59:19.811 [info] [   91] fs.stat(vscode-vfs://github/Raphael-08/test/test.txt)
2024-03-01 18:59:19.811 [info] [   91] fs.stat(vscode-vfs://github/Raphael-08/test/test.txt) took 0 ms (Provider query took 0 ms)
2024-03-01 19:00:18.955 [info] [   92] fs.readFile(vscode-vfs://github/Raphael-08/test/another.txt)
2024-03-01 19:00:18.961 [info] [   93] fs.stat(vscode-vfs://github/Raphael-08/test/another.txt)
2024-03-01 19:00:18.962 [info] [   93] fs.stat(vscode-vfs://github/Raphael-08/test/another.txt) took 0 ms (Provider query took 0 ms)
2024-03-01 19:00:19.508 [warning] [   92] fs.readFile(vscode-vfs://github/Raphael-08/test/another.txt) took 553 ms (Provider query took 552 ms)
2024-03-01 19:00:30.527 [info] [   94] fs.stat(vscode-vfs://github/Raphael-08/test)
2024-03-01 19:00:30.528 [info] [   94] fs.stat(vscode-vfs://github/Raphael-08/test) took 0 ms (Provider query took 0 ms)
2024-03-01 19:00:30.530 [info] [   95] fs.readDirectory(vscode-vfs://github/Raphael-08/test)
2024-03-01 19:00:30.530 [info] [   95] fs.readDirectory(vscode-vfs://github/Raphael-08/test) took 0 ms (Provider query took 0 ms)
2024-03-01 19:01:56.805 [info] [   96] fs.stat(vscode-vfs://github/Raphael-08/test)
2024-03-01 19:01:56.805 [info] [   96] fs.stat(vscode-vfs://github/Raphael-08/test) took 0 ms (Provider query took 0 ms)
2024-03-01 19:01:56.806 [info] [   97] fs.readDirectory(vscode-vfs://github/Raphael-08/test)
2024-03-01 19:01:56.806 [info] [   97] fs.readDirectory(vscode-vfs://github/Raphael-08/test) took 0 ms (Provider query took 0 ms)
2024-03-01 19:01:59.237 [info] [   98] fs.stat(vscode-vfs://github/Raphael-08/test/another.txt)
2024-03-01 19:01:59.237 [info] [   98] fs.stat(vscode-vfs://github/Raphael-08/test/another.txt) took 0 ms (Provider query took 0 ms)
2024-03-01 19:02:10.040 [info] [   99] fs.stat(vscode-vfs://github/Raphael-08/test)
2024-03-01 19:02:10.041 [info] [   99] fs.stat(vscode-vfs://github/Raphael-08/test) took 0 ms (Provider query took 0 ms)
2024-03-01 19:02:10.041 [info] [  100] fs.stat(vscode-vfs://github/Raphael-08/test/another.txt)
2024-03-01 19:02:10.042 [info] [  100] fs.stat(vscode-vfs://github/Raphael-08/test/another.txt) took 0 ms (Provider query took 0 ms)
2024-03-01 19:02:10.042 [info] [  101] fs.readDirectory(vscode-vfs://github/Raphael-08/test)
2024-03-01 19:02:10.042 [info] [  101] fs.readDirectory(vscode-vfs://github/Raphael-08/test) took 0 ms (Provider query took 0 ms)
2024-03-01 19:02:11.880 [info] [  102] fs.stat(vscode-vfs://github/Raphael-08/test)
2024-03-01 19:02:11.880 [info] [  102] fs.stat(vscode-vfs://github/Raphael-08/test) took 0 ms (Provider query took 0 ms)
2024-03-01 19:02:11.880 [info] [  103] fs.stat(vscode-vfs://github/Raphael-08/test/another.txt)
2024-03-01 19:02:11.881 [info] [  103] fs.stat(vscode-vfs://github/Raphael-08/test/another.txt) took 0 ms (Provider query took 0 ms)
2024-03-01 19:02:11.881 [info] [  104] fs.readDirectory(vscode-vfs://github/Raphael-08/test)
2024-03-01 19:02:11.881 [info] [  104] fs.readDirectory(vscode-vfs://github/Raphael-08/test) took 0 ms (Provider query took 0 ms)
2024-03-01 19:04:22.133 [info] [  105] fs.stat(vscode-vfs://github/Raphael-08/test)
2024-03-01 19:04:22.134 [info] [  105] fs.stat(vscode-vfs://github/Raphael-08/test) took 0 ms (Provider query took 0 ms)
2024-03-01 19:04:22.134 [info] [  106] fs.stat(vscode-vfs://github/Raphael-08/test/another.txt)
2024-03-01 19:04:22.134 [info] [  106] fs.stat(vscode-vfs://github/Raphael-08/test/another.txt) took 0 ms (Provider query took 0 ms)
2024-03-01 19:04:22.135 [info] [  107] fs.readDirectory(vscode-vfs://github/Raphael-08/test)
2024-03-01 19:04:22.135 [info] [  107] fs.readDirectory(vscode-vfs://github/Raphael-08/test) took 0 ms (Provider query took 0 ms)
2024-03-01 19:04:29.678 [info] [  108] fs.stat(vscode-vfs://github/Raphael-08)
2024-03-01 19:04:30.199 [info] [  109] fs.stat(vscode-vfs://github/)
2024-03-01 19:04:30.679 [info] [  110] fs.stat(vscode-vfs://github/)
2024-03-01 19:04:30.679 [info] [  110] fs.stat(vscode-vfs://github/) took 0 ms (Provider query took 0 ms)
2024-03-01 19:04:30.681 [info] [  111] fs.readDirectory(vscode-vfs://github/)
2024-03-01 19:04:31.309 [warning] [  111] fs.readDirectory(vscode-vfs://github/) took 628 ms (Provider query took 627 ms)
2024-03-01 19:04:33.290 [info] [  112] fs.stat(vscode-vfs://github/Raphael-08/)
2024-03-01 19:04:33.768 [info] [  113] fs.stat(vscode-vfs://github/)
2024-03-01 19:04:33.768 [info] [  113] fs.stat(vscode-vfs://github/) took 0 ms (Provider query took 0 ms)
2024-03-01 19:04:33.770 [info] [  114] fs.stat(vscode-vfs://github/Raphael-08/)
2024-03-01 19:04:33.770 [info] [  114] fs.stat(vscode-vfs://github/Raphael-08/) took 0 ms (Provider query took 0 ms)
2024-03-01 19:04:33.770 [info] [  115] fs.readDirectory(vscode-vfs://github/Raphael-08/)
2024-03-01 19:04:34.482 [warning] [  115] fs.readDirectory(vscode-vfs://github/Raphael-08/) took 711 ms (Provider query took 711 ms)
2024-03-01 19:04:39.856 [info] [  116] fs.stat(vscode-vfs://github/Raphael-08/test)
2024-03-01 19:04:39.856 [info] [  116] fs.stat(vscode-vfs://github/Raphael-08/test) took 0 ms (Provider query took 0 ms)
2024-03-01 19:04:39.856 [info] [  117] fs.stat(vscode-vfs://github/Raphael-08/test/another.txt)
2024-03-01 19:04:39.856 [info] [  117] fs.stat(vscode-vfs://github/Raphael-08/test/another.txt) took 0 ms (Provider query took 0 ms)
2024-03-01 19:04:39.856 [info] [  118] fs.readDirectory(vscode-vfs://github/Raphael-08/test)
2024-03-01 19:04:39.856 [info] [  118] fs.readDirectory(vscode-vfs://github/Raphael-08/test) took 0 ms (Provider query took 0 ms)
2024-03-01 19:05:52.937 [info] [  119] fs.stat(vscode-vfs://github/Raphael-08/test)
2024-03-01 19:05:52.937 [info] [  119] fs.stat(vscode-vfs://github/Raphael-08/test) took 0 ms (Provider query took 0 ms)
2024-03-01 19:05:52.937 [info] [  120] fs.stat(vscode-vfs://github/Raphael-08/test/another.txt)
2024-03-01 19:05:52.937 [info] [  120] fs.stat(vscode-vfs://github/Raphael-08/test/another.txt) took 0 ms (Provider query took 0 ms)
2024-03-01 19:05:52.938 [info] [  121] fs.readDirectory(vscode-vfs://github/Raphael-08/test)
2024-03-01 19:05:52.938 [info] [  121] fs.readDirectory(vscode-vfs://github/Raphael-08/test) took 0 ms (Provider query took 0 ms)
2024-03-01 19:05:57.302 [info] [  122] fs.stat(vscode-vfs://github/Raphael-08/test)
2024-03-01 19:05:57.303 [info] [  122] fs.stat(vscode-vfs://github/Raphael-08/test) took 0 ms (Provider query took 0 ms)
2024-03-01 19:05:57.304 [info] [  123] fs.stat(vscode-vfs://github/Raphael-08/test/another.txt)
2024-03-01 19:05:57.304 [info] [  123] fs.stat(vscode-vfs://github/Raphael-08/test/another.txt) took 0 ms (Provider query took 0 ms)
2024-03-01 19:05:57.305 [info] [  124] fs.readDirectory(vscode-vfs://github/Raphael-08/test)
2024-03-01 19:05:57.306 [info] [  124] fs.readDirectory(vscode-vfs://github/Raphael-08/test) took 0 ms (Provider query took 0 ms)
2024-03-01 19:05:58.470 [info] [  125] fs.stat(vscode-vfs://github/Raphael-08/test)
2024-03-01 19:05:58.470 [info] [  125] fs.stat(vscode-vfs://github/Raphael-08/test) took 0 ms (Provider query took 0 ms)
2024-03-01 19:05:58.471 [info] [  126] fs.stat(vscode-vfs://github/Raphael-08/test/another.txt)
2024-03-01 19:05:58.471 [info] [  126] fs.stat(vscode-vfs://github/Raphael-08/test/another.txt) took 0 ms (Provider query took 0 ms)
2024-03-01 19:05:58.471 [info] [  127] fs.readDirectory(vscode-vfs://github/Raphael-08/test)
2024-03-01 19:05:58.471 [info] [  127] fs.readDirectory(vscode-vfs://github/Raphael-08/test) took 0 ms (Provider query took 0 ms)
2024-03-01 19:07:30.570 [info] [  128] fs.stat(vscode-vfs://github/Raphael-08/test)
2024-03-01 19:07:30.570 [info] [  128] fs.stat(vscode-vfs://github/Raphael-08/test) took 0 ms (Provider query took 0 ms)
2024-03-01 19:07:30.570 [info] [  129] fs.stat(vscode-vfs://github/Raphael-08/test/another.txt)
2024-03-01 19:07:30.570 [info] [  129] fs.stat(vscode-vfs://github/Raphael-08/test/another.txt) took 0 ms (Provider query took 0 ms)
2024-03-01 19:07:30.571 [info] [  130] fs.readDirectory(vscode-vfs://github/Raphael-08/test)
2024-03-01 19:07:30.571 [info] [  130] fs.readDirectory(vscode-vfs://github/Raphael-08/test) took 0 ms (Provider query took 0 ms)
