2024-03-01 18:57:59.748 [info] Added views:workbench.panel.markers.view in workbench.panel.markers
2024-03-01 18:57:59.748 [info] Added views:workbench.panel.output in workbench.panel.output
2024-03-01 18:57:59.748 [info] Added views:terminal in terminal
2024-03-01 18:57:59.748 [info] Added views:outline in workbench.view.explorer
2024-03-01 18:57:59.748 [info] Added views:workbench.scm in workbench.view.scm
2024-03-01 18:57:59.748 [info] Added views:workbench.view.search in workbench.view.search
2024-03-01 18:57:59.748 [info] Added views:timeline in workbench.view.explorer
2024-03-01 18:57:59.748 [info] Added views:workbench.explorer.fileView in workbench.view.explorer
2024-03-01 18:57:59.832 [info] Added views:workbench.debug.welcome in workbench.view.debug
2024-03-01 18:58:00.008 [info] Added views:remoteHub.views.workspaceRepositories in workbench.view.remote
2024-03-01 18:58:00.082 [info] Added views:workbench.panel.repl.view in workbench.panel.repl
2024-03-01 18:59:39.214 [info] Added views:workbench.views.extensions.installed,workbench.views.extensions.popular,extensions.recommendedList in workbench.view.extensions
2024-03-01 18:59:39.218 [info] Removed views:workbench.views.extensions.popular from workbench.view.extensions
2024-03-01 19:07:31.049 [info] Added views:workbench.panel.markers.view in workbench.panel.markers
2024-03-01 19:07:31.049 [info] Added views:workbench.panel.output in workbench.panel.output
2024-03-01 19:07:31.049 [info] Added views:terminal in terminal
2024-03-01 19:07:31.049 [info] Added views:outline in workbench.view.explorer
2024-03-01 19:07:31.049 [info] Added views:workbench.scm in workbench.view.scm
2024-03-01 19:07:31.049 [info] Added views:workbench.view.search in workbench.view.search
2024-03-01 19:07:31.049 [info] Added views:timeline in workbench.view.explorer
2024-03-01 19:07:31.049 [info] Added views:workbench.explorer.fileView in workbench.view.explorer
2024-03-01 19:07:31.126 [info] Added views:workbench.debug.welcome in workbench.view.debug
2024-03-01 19:07:31.252 [info] Added views:remoteHub.views.workspaceRepositories in workbench.view.remote
2024-03-01 19:07:31.442 [info] Added views:workbench.panel.repl.view in workbench.panel.repl
2024-03-01 19:07:31.602 [info] Added views:~remote.forwardedPorts in ~remote.forwardedPortsContainer
