2024-02-29 18:30:43.588 [info] Added views:workbench.panel.markers.view in workbench.panel.markers
2024-02-29 18:30:43.588 [info] Added views:workbench.panel.output in workbench.panel.output
2024-02-29 18:30:43.588 [info] Added views:terminal in terminal
2024-02-29 18:30:43.588 [info] Added views:outline in workbench.view.explorer
2024-02-29 18:30:43.588 [info] Added views:workbench.scm in workbench.view.scm
2024-02-29 18:30:43.588 [info] Added views:workbench.view.search in workbench.view.search
2024-02-29 18:30:43.588 [info] Added views:timeline in workbench.view.explorer
2024-02-29 18:30:43.588 [info] Added views:workbench.explorer.fileView in workbench.view.explorer
2024-02-29 18:30:43.668 [info] Added views:workbench.debug.welcome in workbench.view.debug
2024-02-29 18:30:43.913 [info] Added views:workbench.panel.repl.view in workbench.panel.repl
2024-02-29 18:30:44.050 [info] Added views:~remote.forwardedPorts in ~remote.forwardedPortsContainer
2024-02-29 18:32:52.233 [info] Added views:workbench.views.extensions.installed,workbench.views.extensions.popular,extensions.recommendedList in workbench.view.extensions
2024-02-29 18:32:52.239 [info] Removed views:workbench.views.extensions.popular from workbench.view.extensions
2024-02-29 18:33:55.514 [info] Added views:workbench.panel.markers.view in workbench.panel.markers
2024-02-29 18:33:55.514 [info] Added views:workbench.panel.output in workbench.panel.output
2024-02-29 18:33:55.514 [info] Added views:terminal in terminal
2024-02-29 18:33:55.514 [info] Added views:outline in workbench.view.explorer
2024-02-29 18:33:55.514 [info] Added views:workbench.scm in workbench.view.scm
2024-02-29 18:33:55.514 [info] Added views:workbench.view.search in workbench.view.search
2024-02-29 18:33:55.514 [info] Added views:timeline in workbench.view.explorer
2024-02-29 18:33:55.514 [info] Added views:workbench.explorer.fileView in workbench.view.explorer
2024-02-29 18:33:55.587 [info] Added views:workbench.debug.welcome in workbench.view.debug
2024-02-29 18:33:55.820 [info] Added views:workbench.panel.repl.view in workbench.panel.repl
2024-02-29 18:33:55.880 [info] Added views:~remote.forwardedPorts in ~remote.forwardedPortsContainer
2024-02-29 18:33:55.959 [info] Added views:workbench.views.extensions.installed,extensions.recommendedList in workbench.view.extensions
