2024-02-03T05:48:52.498Z - info: [ui] [AppStore] loading 0 repositories from store
2024-02-03T05:48:52.553Z - info: [ui] [Welcome] no sign in step found. ignoring...
2024-02-03T05:48:52.567Z - info: [ui] launching: 3.3.6-linux3 (Linux 6.7.3-arch1-1)
2024-02-03T05:48:52.567Z - info: [ui] execPath: '/opt/github-desktop/github-desktop'
2024-02-03T05:48:52.567Z - info: [ui] [Welcome] no sign in step found. ignoring...
2024-02-03T05:48:52.581Z - info: [ui] [Welcome] no sign in step found. ignoring...
2024-02-03T05:48:52.586Z - info: [ui] [Welcome] no sign in step found. ignoring...
2024-02-03T05:48:52.838Z - info: [ui] [Welcome] no sign in step found. ignoring...
2024-02-03T05:48:53.569Z - info: [ui] Opt in reported.
2024-02-03T05:48:55.959Z - info: [ui] [Welcome] advancing to step: SignInToDotComWithBrowser
2024-02-03T05:48:55.960Z - info: [ui] [SignInStore] initializing OAuth flow
2024-02-03T05:48:55.967Z - info: [main] opening in browser: https://github.com/login/oauth/authorize?client_id=3a723b10ac5575cc5bb9&scope=repo%20user%20workflow&state=d42b925d-0363-43cb-852f-cfeef236ed6c
2024-02-03T05:48:55.968Z - info: [ui] [Welcome] current sign in state not found. ignoring...
2024-02-03T05:49:07.473Z - info: [ui] [Welcome] kind Authentication is the same as Authentication. ignoring...
2024-02-03T05:49:14.440Z - info: [main] Received possible protocol arguments: 3
2024-02-03T05:49:14.441Z - info: [main] Processing protocol url
2024-02-03T05:49:14.441Z - info: [ui] [Dispatcher] requesting authenticated user
2024-02-03T05:49:14.501Z - info: [main] Received possible protocol arguments: 2
2024-02-03T05:49:14.502Z - info: [main] Processing protocol url
2024-02-03T05:49:14.812Z - info: [ui] [Welcome] kind Authentication is the same as Authentication. ignoring...
2024-02-03T05:49:15.037Z - info: [ui] [Welcome] kind Authentication is the same as Authentication. ignoring...
2024-02-03T05:49:16.507Z - info: [ui] [SignInStore] account resolved
2024-02-03T05:49:16.508Z - info: [ui] [AppStore] adding account Raphael-08 (Mohan Ranganath Varma Vummadisetty ) to store
2024-02-03T05:49:16.520Z - info: [ui] [Welcome] advancing to step: ConfigureGit
2024-02-03T05:49:16.560Z - info: [ui] [Welcome] no sign in step found. ignoring...
2024-02-03T05:49:16.769Z - info: [ui] [Welcome] no sign in step found. ignoring...
2024-02-03T05:49:36.566Z - info: [ui] [Welcome] no sign in step found. ignoring...
2024-02-03T05:49:37.218Z - info: [ui] [Welcome] no sign in step found. ignoring...
2024-02-03T05:49:37.600Z - info: [ui] Subscribed 'Raphael-08' to Alive channel
2024-02-03T05:49:37.986Z - info: [ui] [Welcome] no sign in step found. ignoring...
2024-02-03T05:51:29.740Z - info: [ui] Executing tutorial:push: git push -u origin main (took 2.499s)
2024-02-03T05:51:29.759Z - info: [ui] [AppStore] adding tutorial repository at /home/mrv/Documents/GitHub/desktop-tutorial to store
2024-02-03T05:51:29.884Z - info: [ui] Current tutorial step is now CreateBranch
2024-02-03T05:51:29.949Z - info: [ui] [BranchPruner] No branches to prune.
2024-02-03T05:51:33.054Z - info: [ui] Executing fetch: git -c credential.helper= fetch --progress --prune --recurse-submodules=on-demand origin (took 1.683s)
2024-02-03T05:51:34.649Z - info: [ui] Executing updateRemoteHEAD: git -c credential.helper= remote set-head -a origin (took 1.592s)
