2024-02-25 12:03:00.932 [info] Log level: Info
2024-02-25 12:03:00.932 [info] Validating found git in: "git"
2024-02-25 12:03:00.932 [info] Using git "2.44.0" from "git"
2024-02-25 12:03:00.932 [info] > git rev-parse --show-toplevel [2ms]
2024-02-25 12:03:00.932 [info] fatal: not a git repository (or any of the parent directories): .git
2024-02-25 12:03:10.287 [info] Log level: Info
2024-02-25 12:03:10.287 [info] Validating found git in: "git"
2024-02-25 12:03:10.287 [info] Using git "2.44.0" from "git"
2024-02-25 12:03:10.304 [info] > git rev-parse --show-toplevel [53ms]
2024-02-25 12:03:10.304 [info] fatal: not a git repository (or any parent up to mount point /run/user/1000)
Stopping at filesystem boundary (GIT_DISCOVERY_ACROSS_FILESYSTEM not set).
2024-02-25 12:03:10.371 [info] > git rev-parse --show-toplevel [58ms]
2024-02-25 12:03:10.371 [info] fatal: not a git repository (or any parent up to mount point /run/user/1000)
Stopping at filesystem boundary (GIT_DISCOVERY_ACROSS_FILESYSTEM not set).
2024-02-25 12:03:10.439 [info] > git rev-parse --show-toplevel [61ms]
2024-02-25 12:03:10.439 [info] fatal: not a git repository (or any parent up to mount point /run/user/1000)
Stopping at filesystem boundary (GIT_DISCOVERY_ACROSS_FILESYSTEM not set).
2024-02-25 12:03:10.506 [info] > git rev-parse --show-toplevel [53ms]
2024-02-25 12:03:10.506 [info] fatal: not a git repository (or any parent up to mount point /run/user/1000)
Stopping at filesystem boundary (GIT_DISCOVERY_ACROSS_FILESYSTEM not set).
2024-02-25 12:03:10.570 [info] > git rev-parse --show-toplevel [39ms]
2024-02-25 12:03:10.570 [info] fatal: not a git repository (or any parent up to mount point /run/user/1000)
Stopping at filesystem boundary (GIT_DISCOVERY_ACROSS_FILESYSTEM not set).
