2024-03-01 18:47:48.947 [warning] Running on the desktop; workspaceId=9b39e438b0bc9c0d49fa66aa334b7474; storageUri=vscode-userdata:/home/mrv/.config/Code/User/globalStorage/ms-vscode.remote-repositories
2024-03-01 18:47:48.952 [info] [ GHPR] Not currently installed or enabled; waiting...
2024-03-01 18:51:06.685 [warning] Running on the desktop; workspaceId=79bb59ffd0684f402561c6ff0cbf0e50; storageUri=vscode-userdata:/home/mrv/.config/Code/User/globalStorage/ms-vscode.remote-repositories
2024-03-01 18:51:06.714 [info] [ GHPR] Not currently installed or enabled; waiting...
2024-03-01 18:51:06.746 [info] [    2] fs.readFile(vscode-vfs://github/Raphael-08/test/.vscode/settings.json)
2024-03-01 18:51:06.747 [info] [    3] fs.readFile(vscode-vfs://github/Raphael-08/test/.vscode/tasks.json)
2024-03-01 18:51:06.747 [info] [    4] fs.readFile(vscode-vfs://github/Raphael-08/test/.vscode/launch.json)
2024-03-01 18:51:06.748 [info] [    5] fs.stat(vscode-vfs://github/Raphael-08/test/.vscode/settings.json)
2024-03-01 18:51:06.748 [info] [    6] fs.stat(vscode-vfs://github/Raphael-08/test/.vscode/tasks.json)
2024-03-01 18:51:06.748 [info] [    7] fs.stat(vscode-vfs://github/Raphael-08/test/.vscode/launch.json)
2024-03-01 18:51:06.751 [info] [    8] fs.stat(vscode-vfs://github/Raphael-08/test)
2024-03-01 18:51:06.788 [info] [    9] fs.stat(vscode-vfs://github/Raphael-08/test/.git/config)
2024-03-01 18:51:06.788 [info] [   10] fs.stat(vscode-vfs://github/Raphael-08/test/.vscode)
2024-03-01 18:51:06.818 [info] [    2] fs.readFile(vscode-vfs://github/Raphael-08/test/.vscode/settings.json): Not found • ChangeStore query took 7 ms • Querying provider...
2024-03-01 18:51:06.818 [info] [    3] fs.readFile(vscode-vfs://github/Raphael-08/test/.vscode/tasks.json): Not found • ChangeStore query took 8 ms • Querying provider...
2024-03-01 18:51:06.819 [info] [    4] fs.readFile(vscode-vfs://github/Raphael-08/test/.vscode/launch.json): Not found • ChangeStore query took 8 ms • Querying provider...
2024-03-01 18:51:06.820 [info] [    6] fs.stat(vscode-vfs://github/Raphael-08/test/.vscode/tasks.json): Not found • ChangeStore query took 9 ms • Querying provider...
2024-03-01 18:51:06.820 [info] [    7] fs.stat(vscode-vfs://github/Raphael-08/test/.vscode/launch.json): Not found • ChangeStore query took 9 ms • Querying provider...
2024-03-01 18:51:06.821 [info] [    8] fs.stat(vscode-vfs://github/Raphael-08/test): Not found • ChangeStore query took 9 ms • Querying provider...
2024-03-01 18:51:06.821 [info] [    9] fs.stat(vscode-vfs://github/Raphael-08/test/.git/config): Not found • ChangeStore query took 9 ms • Querying provider...
2024-03-01 18:51:06.824 [info] [   10] fs.stat(vscode-vfs://github/Raphael-08/test/.vscode): Not found • ChangeStore query took 10 ms • Querying provider...
2024-03-01 18:51:06.877 [info] [   12] fs.stat(vscode-vfs://github/Raphael-08/test/.gitignore)
2024-03-01 18:51:07.445 [info] [   13] fs.readFile(vscode-vfs://github/Raphael-08/test/.vscode/extensions.json)
2024-03-01 18:51:07.446 [info] [   14] fs.readFile(vscode-vfs://github/Raphael-08/test/.git/config)
2024-03-01 18:51:07.446 [info] [   15] fs.stat(vscode-vfs://github/Raphael-08/test/.vscode/extensions.json)
2024-03-01 18:51:08.691 [warning] [    8] fs.stat(vscode-vfs://github/Raphael-08/test) took 1940 ms (Provider query took 1870 ms)
2024-03-01 18:51:08.731 [info] [   16] fs.readDirectory(vscode-vfs://github/Raphael-08/test)
2024-03-01 18:51:09.073 [warning] [    9] fs.stat(vscode-vfs://github/Raphael-08/test/.git/config) took 2285 ms (Provider query took 2251 ms)
2024-03-01 18:51:09.074 [info] [   17] fs.stat(vscode-vfs://github/Raphael-08/test/.git/config)
2024-03-01 18:51:09.074 [warning] [   14] fs.readFile(vscode-vfs://github/Raphael-08/test/.git/config) took 1627 ms (Provider query took 1627 ms)
2024-03-01 18:51:09.075 [info] [   17] fs.stat(vscode-vfs://github/Raphael-08/test/.git/config) took 1 ms (Provider query took 0 ms)
2024-03-01 18:51:09.116 [warning] [   10] fs.stat(vscode-vfs://github/Raphael-08/test/.vscode) took 2327 ms (Provider query took 2294 ms)
2024-03-01 18:51:09.116 [warning] [   12] fs.stat(vscode-vfs://github/Raphael-08/test/.gitignore) took 2238 ms (Provider query took 2238 ms)
2024-03-01 18:51:09.116 [info] [   16] fs.readDirectory(vscode-vfs://github/Raphael-08/test) took 384 ms (Provider query took 384 ms)
2024-03-01 18:51:09.121 [info] [   18] fs.readFile(vscode-vfs://github/Raphael-08/test/.devcontainer/devcontainer.json)
2024-03-01 18:51:09.122 [info] [   18] fs.readFile(vscode-vfs://github/Raphael-08/test/.devcontainer/devcontainer.json) took 0 ms (Provider query took 0 ms)
2024-03-01 18:51:09.122 [info] [   19] fs.stat(vscode-vfs://github/Raphael-08/test/.devcontainer/devcontainer.json)
2024-03-01 18:51:09.123 [info] [   19] fs.stat(vscode-vfs://github/Raphael-08/test/.devcontainer/devcontainer.json) took 0 ms (Provider query took 0 ms)
2024-03-01 18:51:09.127 [warning] [    6] fs.stat(vscode-vfs://github/Raphael-08/test/.vscode/tasks.json) took 2379 ms (Provider query took 2308 ms)
2024-03-01 18:51:09.127 [warning] [    7] fs.stat(vscode-vfs://github/Raphael-08/test/.vscode/launch.json) took 2378 ms (Provider query took 2307 ms)
2024-03-01 18:51:09.127 [warning] [   15] fs.stat(vscode-vfs://github/Raphael-08/test/.vscode/extensions.json) took 1680 ms (Provider query took 1680 ms)
2024-03-01 18:51:09.127 [warning] [    2] fs.readFile(vscode-vfs://github/Raphael-08/test/.vscode/settings.json) took 2381 ms (Provider query took 2311 ms)
2024-03-01 18:51:09.127 [warning] [    3] fs.readFile(vscode-vfs://github/Raphael-08/test/.vscode/tasks.json) took 2380 ms (Provider query took 2309 ms)
2024-03-01 18:51:09.127 [warning] [    4] fs.readFile(vscode-vfs://github/Raphael-08/test/.vscode/launch.json) took 2380 ms (Provider query took 2308 ms)
2024-03-01 18:51:09.127 [warning] [   13] fs.readFile(vscode-vfs://github/Raphael-08/test/.vscode/extensions.json) took 1682 ms (Provider query took 1681 ms)
2024-03-01 18:51:09.127 [info] [   20] fs.stat(vscode-vfs://github/Raphael-08/test/.vscode/extensions.json)
2024-03-01 18:51:09.128 [info] [   21] fs.readFile(vscode-vfs://github/Raphael-08/test/.vscode/extensions.json)
2024-03-01 18:51:09.128 [info] [   20] fs.stat(vscode-vfs://github/Raphael-08/test/.vscode/extensions.json) took 0 ms (Provider query took 0 ms)
2024-03-01 18:51:09.128 [info] [   21] fs.readFile(vscode-vfs://github/Raphael-08/test/.vscode/extensions.json) took 1 ms (Provider query took 0 ms)
2024-03-01 18:51:09.136 [info] [   22] fs.readFile(vscode-vfs://github/Raphael-08/test/pom.xml)
2024-03-01 18:51:09.137 [info] [   22] fs.readFile(vscode-vfs://github/Raphael-08/test/pom.xml) took 0 ms (Provider query took 0 ms)
2024-03-01 18:51:09.137 [info] [   23] fs.stat(vscode-vfs://github/Raphael-08/test/pom.xml)
2024-03-01 18:51:09.137 [info] [   23] fs.stat(vscode-vfs://github/Raphael-08/test/pom.xml) took 0 ms (Provider query took 0 ms)
2024-03-01 18:51:09.137 [info] [   24] fs.readFile(vscode-vfs://github/Raphael-08/test/.vscode/tasks.json)
2024-03-01 18:51:09.138 [info] [   24] fs.readFile(vscode-vfs://github/Raphael-08/test/.vscode/tasks.json) took 0 ms (Provider query took 0 ms)
2024-03-01 18:51:09.138 [info] [   25] fs.stat(vscode-vfs://github/Raphael-08/test/.vscode/tasks.json)
2024-03-01 18:51:09.138 [info] [   25] fs.stat(vscode-vfs://github/Raphael-08/test/.vscode/tasks.json) took 0 ms (Provider query took 0 ms)
2024-03-01 18:51:09.138 [info] [   26] fs.readFile(vscode-vfs://github/Raphael-08/test/.vscode/launch.json)
2024-03-01 18:51:09.138 [info] [   26] fs.readFile(vscode-vfs://github/Raphael-08/test/.vscode/launch.json) took 0 ms (Provider query took 0 ms)
2024-03-01 18:51:09.138 [info] [   27] fs.stat(vscode-vfs://github/Raphael-08/test/.vscode/launch.json)
2024-03-01 18:51:09.139 [info] [   27] fs.stat(vscode-vfs://github/Raphael-08/test/.vscode/launch.json) took 0 ms (Provider query took 0 ms)
2024-03-01 18:51:09.141 [info] [   28] fs.stat(vscode-vfs://github/Raphael-08/test/test.txt)
2024-03-01 18:51:09.142 [info] [   28] fs.stat(vscode-vfs://github/Raphael-08/test/test.txt) took 1 ms (Provider query took 0 ms)
2024-03-01 18:51:09.143 [info] [   29] fs.readFile(vscode-vfs://github/Raphael-08/test/build.gradle)
2024-03-01 18:51:09.143 [info] [   29] fs.readFile(vscode-vfs://github/Raphael-08/test/build.gradle) took 0 ms (Provider query took 0 ms)
2024-03-01 18:51:09.143 [info] [   30] fs.stat(vscode-vfs://github/Raphael-08/test/build.gradle)
2024-03-01 18:51:09.144 [info] [   30] fs.stat(vscode-vfs://github/Raphael-08/test/build.gradle) took 0 ms (Provider query took 0 ms)
2024-03-01 18:51:09.148 [info] [   31] fs.readFile(vscode-vfs://github/Raphael-08/test/.vscode/tasks.json)
2024-03-01 18:51:09.148 [info] [   31] fs.readFile(vscode-vfs://github/Raphael-08/test/.vscode/tasks.json) took 0 ms (Provider query took 0 ms)
2024-03-01 18:51:09.149 [info] [   32] fs.stat(vscode-vfs://github/Raphael-08/test/.vscode/tasks.json)
2024-03-01 18:51:09.149 [info] [   32] fs.stat(vscode-vfs://github/Raphael-08/test/.vscode/tasks.json) took 0 ms (Provider query took 0 ms)
2024-03-01 18:51:09.149 [info] [   33] fs.readFile(vscode-vfs://github/Raphael-08/test/.vscode/launch.json)
2024-03-01 18:51:09.149 [info] [   33] fs.readFile(vscode-vfs://github/Raphael-08/test/.vscode/launch.json) took 0 ms (Provider query took 0 ms)
2024-03-01 18:51:09.149 [info] [   34] fs.stat(vscode-vfs://github/Raphael-08/test/.vscode/launch.json)
2024-03-01 18:51:09.150 [info] [   34] fs.stat(vscode-vfs://github/Raphael-08/test/.vscode/launch.json) took 0 ms (Provider query took 0 ms)
2024-03-01 18:51:09.150 [info] [   35] fs.readFile(vscode-vfs://github/Raphael-08/test/.vscode/.github-pull-request.rec)
2024-03-01 18:51:09.150 [info] [   35] fs.readFile(vscode-vfs://github/Raphael-08/test/.vscode/.github-pull-request.rec) took 0 ms (Provider query took 0 ms)
2024-03-01 18:51:09.150 [info] [   36] fs.stat(vscode-vfs://github/Raphael-08/test/.vscode/.github-pull-request.rec)
2024-03-01 18:51:09.150 [info] [   36] fs.stat(vscode-vfs://github/Raphael-08/test/.vscode/.github-pull-request.rec) took 0 ms (Provider query took 0 ms)
2024-03-01 18:51:09.151 [info] [   37] fs.readFile(vscode-vfs://github/Raphael-08/test/.vscode/tasks.json)
2024-03-01 18:51:09.151 [info] [   37] fs.readFile(vscode-vfs://github/Raphael-08/test/.vscode/tasks.json) took 0 ms (Provider query took 0 ms)
2024-03-01 18:51:09.151 [info] [   38] fs.stat(vscode-vfs://github/Raphael-08/test/.vscode/tasks.json)
2024-03-01 18:51:09.151 [info] [   38] fs.stat(vscode-vfs://github/Raphael-08/test/.vscode/tasks.json) took 0 ms (Provider query took 0 ms)
2024-03-01 18:51:09.151 [info] [   39] fs.readFile(vscode-vfs://github/Raphael-08/test/.vscode/launch.json)
2024-03-01 18:51:09.151 [info] [   39] fs.readFile(vscode-vfs://github/Raphael-08/test/.vscode/launch.json) took 0 ms (Provider query took 0 ms)
2024-03-01 18:51:09.152 [info] [   40] fs.stat(vscode-vfs://github/Raphael-08/test/.vscode/launch.json)
2024-03-01 18:51:09.152 [info] [   40] fs.stat(vscode-vfs://github/Raphael-08/test/.vscode/launch.json) took 0 ms (Provider query took 0 ms)
2024-03-01 18:51:09.152 [info] [   41] fs.readFile(vscode-vfs://github/Raphael-08/test/pyproject.toml)
2024-03-01 18:51:09.152 [info] [   41] fs.readFile(vscode-vfs://github/Raphael-08/test/pyproject.toml) took 0 ms (Provider query took 0 ms)
2024-03-01 18:51:09.152 [info] [   42] fs.stat(vscode-vfs://github/Raphael-08/test/pyproject.toml)
2024-03-01 18:51:09.153 [info] [   42] fs.stat(vscode-vfs://github/Raphael-08/test/pyproject.toml) took 0 ms (Provider query took 0 ms)
2024-03-01 18:51:09.153 [info] [   43] fs.readFile(vscode-vfs://github/Raphael-08/test/.vscode/tasks.json)
2024-03-01 18:51:09.153 [info] [   43] fs.readFile(vscode-vfs://github/Raphael-08/test/.vscode/tasks.json) took 0 ms (Provider query took 0 ms)
2024-03-01 18:51:09.153 [info] [   44] fs.stat(vscode-vfs://github/Raphael-08/test/.vscode/tasks.json)
2024-03-01 18:51:09.153 [info] [   44] fs.stat(vscode-vfs://github/Raphael-08/test/.vscode/tasks.json) took 0 ms (Provider query took 0 ms)
2024-03-01 18:51:09.153 [info] [   45] fs.readFile(vscode-vfs://github/Raphael-08/test/.vscode/launch.json)
2024-03-01 18:51:09.154 [info] [   45] fs.readFile(vscode-vfs://github/Raphael-08/test/.vscode/launch.json) took 0 ms (Provider query took 0 ms)
2024-03-01 18:51:09.154 [info] [   46] fs.stat(vscode-vfs://github/Raphael-08/test/.vscode/launch.json)
2024-03-01 18:51:09.154 [info] [   46] fs.stat(vscode-vfs://github/Raphael-08/test/.vscode/launch.json) took 0 ms (Provider query took 0 ms)
2024-03-01 18:51:09.154 [info] [   47] fs.readFile(vscode-vfs://github/Raphael-08/test/.pep8)
2024-03-01 18:51:09.154 [info] [   47] fs.readFile(vscode-vfs://github/Raphael-08/test/.pep8) took 0 ms (Provider query took 0 ms)
2024-03-01 18:51:09.155 [info] [   48] fs.stat(vscode-vfs://github/Raphael-08/test/.pep8)
2024-03-01 18:51:09.155 [info] [   48] fs.stat(vscode-vfs://github/Raphael-08/test/.pep8) took 0 ms (Provider query took 0 ms)
2024-03-01 18:51:09.155 [info] [   49] fs.readFile(vscode-vfs://github/Raphael-08/test/.vscode/tasks.json)
2024-03-01 18:51:09.155 [info] [   49] fs.readFile(vscode-vfs://github/Raphael-08/test/.vscode/tasks.json) took 0 ms (Provider query took 0 ms)
2024-03-01 18:51:09.155 [info] [   50] fs.stat(vscode-vfs://github/Raphael-08/test/.vscode/tasks.json)
2024-03-01 18:51:09.155 [info] [   50] fs.stat(vscode-vfs://github/Raphael-08/test/.vscode/tasks.json) took 0 ms (Provider query took 0 ms)
2024-03-01 18:51:09.158 [info] [   51] fs.readFile(vscode-vfs://github/Raphael-08/test/.vscode/launch.json)
2024-03-01 18:51:09.158 [info] [   51] fs.readFile(vscode-vfs://github/Raphael-08/test/.vscode/launch.json) took 0 ms (Provider query took 0 ms)
2024-03-01 18:51:09.158 [info] [   52] fs.stat(vscode-vfs://github/Raphael-08/test/.vscode/launch.json)
2024-03-01 18:51:09.158 [info] [   52] fs.stat(vscode-vfs://github/Raphael-08/test/.vscode/launch.json) took 0 ms (Provider query took 0 ms)
2024-03-01 18:51:09.159 [info] [   53] fs.readFile(vscode-vfs://github/Raphael-08/test/setup.cfg)
2024-03-01 18:51:09.159 [info] [   53] fs.readFile(vscode-vfs://github/Raphael-08/test/setup.cfg) took 0 ms (Provider query took 0 ms)
2024-03-01 18:51:09.159 [info] [   54] fs.stat(vscode-vfs://github/Raphael-08/test/setup.cfg)
2024-03-01 18:51:09.159 [info] [   54] fs.stat(vscode-vfs://github/Raphael-08/test/setup.cfg) took 0 ms (Provider query took 0 ms)
2024-03-01 18:51:09.159 [info] [   55] fs.readFile(vscode-vfs://github/Raphael-08/test/.vscode/tasks.json)
2024-03-01 18:51:09.160 [info] [   55] fs.readFile(vscode-vfs://github/Raphael-08/test/.vscode/tasks.json) took 0 ms (Provider query took 0 ms)
2024-03-01 18:51:09.160 [info] [   56] fs.stat(vscode-vfs://github/Raphael-08/test/.vscode/tasks.json)
2024-03-01 18:51:09.160 [info] [   56] fs.stat(vscode-vfs://github/Raphael-08/test/.vscode/tasks.json) took 0 ms (Provider query took 0 ms)
2024-03-01 18:51:09.163 [info] [   57] fs.readFile(vscode-vfs://github/Raphael-08/test/.vscode/launch.json)
2024-03-01 18:51:09.163 [info] [   57] fs.readFile(vscode-vfs://github/Raphael-08/test/.vscode/launch.json) took 0 ms (Provider query took 0 ms)
2024-03-01 18:51:09.163 [info] [   58] fs.stat(vscode-vfs://github/Raphael-08/test/.vscode/launch.json)
2024-03-01 18:51:09.163 [info] [   58] fs.stat(vscode-vfs://github/Raphael-08/test/.vscode/launch.json) took 0 ms (Provider query took 0 ms)
2024-03-01 18:51:09.164 [info] [   59] fs.readFile(vscode-vfs://github/Raphael-08/test/tox.ini)
2024-03-01 18:51:09.164 [info] [   59] fs.readFile(vscode-vfs://github/Raphael-08/test/tox.ini) took 0 ms (Provider query took 0 ms)
2024-03-01 18:51:09.164 [info] [   60] fs.stat(vscode-vfs://github/Raphael-08/test/tox.ini)
2024-03-01 18:51:09.164 [info] [   60] fs.stat(vscode-vfs://github/Raphael-08/test/tox.ini) took 0 ms (Provider query took 0 ms)
2024-03-01 18:51:09.164 [info] [   61] fs.readFile(vscode-vfs://github/Raphael-08/test/.vscode/tasks.json)
2024-03-01 18:51:09.164 [info] [   61] fs.readFile(vscode-vfs://github/Raphael-08/test/.vscode/tasks.json) took 0 ms (Provider query took 0 ms)
2024-03-01 18:51:09.165 [info] [   62] fs.stat(vscode-vfs://github/Raphael-08/test/.vscode/tasks.json)
2024-03-01 18:51:09.165 [info] [   62] fs.stat(vscode-vfs://github/Raphael-08/test/.vscode/tasks.json) took 0 ms (Provider query took 0 ms)
2024-03-01 18:51:09.165 [info] [   63] fs.readFile(vscode-vfs://github/Raphael-08/test/.vscode/launch.json)
2024-03-01 18:51:09.165 [info] [   63] fs.readFile(vscode-vfs://github/Raphael-08/test/.vscode/launch.json) took 0 ms (Provider query took 0 ms)
2024-03-01 18:51:09.165 [info] [   64] fs.stat(vscode-vfs://github/Raphael-08/test/.vscode/launch.json)
2024-03-01 18:51:09.165 [info] [   64] fs.stat(vscode-vfs://github/Raphael-08/test/.vscode/launch.json) took 0 ms (Provider query took 0 ms)
2024-03-01 18:51:09.165 [info] [   65] fs.readFile(vscode-vfs://github/Raphael-08/test/.pylintrc)
2024-03-01 18:51:09.166 [info] [   65] fs.readFile(vscode-vfs://github/Raphael-08/test/.pylintrc) took 0 ms (Provider query took 0 ms)
2024-03-01 18:51:09.166 [info] [   66] fs.stat(vscode-vfs://github/Raphael-08/test/.pylintrc)
2024-03-01 18:51:09.166 [info] [   66] fs.stat(vscode-vfs://github/Raphael-08/test/.pylintrc) took 0 ms (Provider query took 0 ms)
2024-03-01 18:51:09.167 [info] [   67] fs.readFile(vscode-vfs://github/Raphael-08/test/pylintrc)
2024-03-01 18:51:09.168 [info] [   67] fs.readFile(vscode-vfs://github/Raphael-08/test/pylintrc) took 0 ms (Provider query took 0 ms)
2024-03-01 18:51:09.168 [info] [   68] fs.stat(vscode-vfs://github/Raphael-08/test/pylintrc)
2024-03-01 18:51:09.168 [info] [   68] fs.stat(vscode-vfs://github/Raphael-08/test/pylintrc) took 0 ms (Provider query took 0 ms)
2024-03-01 18:51:09.170 [info] [   69] fs.readFile(vscode-vfs://github/Raphael-08/test/.mypy.ini)
2024-03-01 18:51:09.170 [info] [   69] fs.readFile(vscode-vfs://github/Raphael-08/test/.mypy.ini) took 0 ms (Provider query took 0 ms)
2024-03-01 18:51:09.170 [info] [   70] fs.stat(vscode-vfs://github/Raphael-08/test/.mypy.ini)
2024-03-01 18:51:09.170 [info] [   70] fs.stat(vscode-vfs://github/Raphael-08/test/.mypy.ini) took 0 ms (Provider query took 0 ms)
2024-03-01 18:51:09.171 [info] [   71] fs.readFile(vscode-vfs://github/Raphael-08/test/.flake8)
2024-03-01 18:51:09.171 [info] [   71] fs.readFile(vscode-vfs://github/Raphael-08/test/.flake8) took 0 ms (Provider query took 0 ms)
2024-03-01 18:51:09.172 [info] [   72] fs.stat(vscode-vfs://github/Raphael-08/test/.flake8)
2024-03-01 18:51:09.172 [info] [   72] fs.stat(vscode-vfs://github/Raphael-08/test/.flake8) took 0 ms (Provider query took 0 ms)
2024-03-01 18:51:09.218 [warning] [    5] fs.stat(vscode-vfs://github/Raphael-08/test/.vscode/settings.json) took 2470 ms (Provider query took 0 ms)
2024-03-01 18:51:09.228 [info] [   73] fs.readFile(vscode-vfs://github/Raphael-08/test/.vscode/settings.json)
2024-03-01 18:51:09.229 [info] [   73] fs.readFile(vscode-vfs://github/Raphael-08/test/.vscode/settings.json) took 0 ms (Provider query took 0 ms)
2024-03-01 18:51:09.229 [info] [   74] fs.stat(vscode-vfs://github/Raphael-08/test/.vscode/settings.json)
2024-03-01 18:51:09.229 [info] [   74] fs.stat(vscode-vfs://github/Raphael-08/test/.vscode/settings.json) took 0 ms (Provider query took 0 ms)
2024-03-01 18:51:09.232 [info] [   75] fs.readFile(vscode-vfs://github/Raphael-08/test/.vscode/settings.json)
2024-03-01 18:51:09.232 [info] [   75] fs.readFile(vscode-vfs://github/Raphael-08/test/.vscode/settings.json) took 0 ms (Provider query took 0 ms)
2024-03-01 18:51:09.232 [info] [   76] fs.stat(vscode-vfs://github/Raphael-08/test/.vscode/settings.json)
2024-03-01 18:51:09.233 [info] [   76] fs.stat(vscode-vfs://github/Raphael-08/test/.vscode/settings.json) took 0 ms (Provider query took 0 ms)
2024-03-01 18:51:09.235 [info] [   77] fs.readFile(vscode-vfs://github/Raphael-08/test/.vscode/settings.json)
2024-03-01 18:51:09.238 [info] [   77] fs.readFile(vscode-vfs://github/Raphael-08/test/.vscode/settings.json) took 2 ms (Provider query took 2 ms)
2024-03-01 18:51:09.238 [info] [   78] fs.stat(vscode-vfs://github/Raphael-08/test/.vscode/settings.json)
2024-03-01 18:51:09.239 [info] [   78] fs.stat(vscode-vfs://github/Raphael-08/test/.vscode/settings.json) took 0 ms (Provider query took 0 ms)
2024-03-01 18:51:09.240 [info] [   79] fs.readFile(vscode-vfs://github/Raphael-08/test/.vscode/settings.json)
2024-03-01 18:51:09.240 [info] [   79] fs.readFile(vscode-vfs://github/Raphael-08/test/.vscode/settings.json) took 0 ms (Provider query took 0 ms)
2024-03-01 18:51:09.240 [info] [   80] fs.stat(vscode-vfs://github/Raphael-08/test/.vscode/settings.json)
2024-03-01 18:51:09.241 [info] [   80] fs.stat(vscode-vfs://github/Raphael-08/test/.vscode/settings.json) took 0 ms (Provider query took 0 ms)
2024-03-01 18:51:09.242 [info] [   81] fs.readFile(vscode-vfs://github/Raphael-08/test/.vscode/settings.json)
2024-03-01 18:51:09.243 [info] [   81] fs.readFile(vscode-vfs://github/Raphael-08/test/.vscode/settings.json) took 0 ms (Provider query took 0 ms)
2024-03-01 18:51:09.243 [info] [   82] fs.stat(vscode-vfs://github/Raphael-08/test/.vscode/settings.json)
2024-03-01 18:51:09.244 [info] [   82] fs.stat(vscode-vfs://github/Raphael-08/test/.vscode/settings.json) took 0 ms (Provider query took 0 ms)
2024-03-01 18:51:09.245 [info] [   83] fs.readFile(vscode-vfs://github/Raphael-08/test/.vscode/settings.json)
2024-03-01 18:51:09.246 [info] [   83] fs.readFile(vscode-vfs://github/Raphael-08/test/.vscode/settings.json) took 0 ms (Provider query took 0 ms)
2024-03-01 18:51:09.246 [info] [   84] fs.stat(vscode-vfs://github/Raphael-08/test/.vscode/settings.json)
2024-03-01 18:51:09.246 [info] [   84] fs.stat(vscode-vfs://github/Raphael-08/test/.vscode/settings.json) took 0 ms (Provider query took 0 ms)
2024-03-01 18:51:09.247 [info] [   85] fs.readFile(vscode-vfs://github/Raphael-08/test/.vscode/settings.json)
2024-03-01 18:51:09.248 [info] [   85] fs.readFile(vscode-vfs://github/Raphael-08/test/.vscode/settings.json) took 0 ms (Provider query took 0 ms)
2024-03-01 18:51:09.248 [info] [   86] fs.stat(vscode-vfs://github/Raphael-08/test/.vscode/settings.json)
2024-03-01 18:51:09.248 [info] [   86] fs.stat(vscode-vfs://github/Raphael-08/test/.vscode/settings.json) took 0 ms (Provider query took 0 ms)
2024-03-01 18:51:43.989 [info] [   87] fs.stat(vscode-vfs://github/Raphael-08/test)
2024-03-01 18:51:43.989 [info] [   87] fs.stat(vscode-vfs://github/Raphael-08/test) took 0 ms (Provider query took 0 ms)
2024-03-01 18:51:43.991 [info] [   88] fs.readDirectory(vscode-vfs://github/Raphael-08/test)
2024-03-01 18:51:43.991 [info] [   88] fs.readDirectory(vscode-vfs://github/Raphael-08/test) took 0 ms (Provider query took 0 ms)
2024-03-01 18:51:59.959 [info] [   89] fs.stat(vscode-vfs://github/Raphael-08/test/another.txt)
2024-03-01 18:51:59.960 [info] [   89] fs.stat(vscode-vfs://github/Raphael-08/test/another.txt) took 0 ms (Provider query took 0 ms)
2024-03-01 18:51:59.963 [info] [   90] fs.stat(vscode-vfs://github/Raphael-08/test/another.txt)
2024-03-01 18:51:59.963 [info] [   90] fs.stat(vscode-vfs://github/Raphael-08/test/another.txt) took 0 ms (Provider query took 0 ms)
2024-03-01 18:51:59.964 [info] [   91] fs.stat(vscode-vfs://github/Raphael-08/test/another.txt)
2024-03-01 18:51:59.964 [info] [   91] fs.stat(vscode-vfs://github/Raphael-08/test/another.txt) took 0 ms (Provider query took 0 ms)
2024-03-01 18:51:59.964 [info] [   92] fs.stat(vscode-vfs://github/Raphael-08/test)
2024-03-01 18:51:59.964 [info] [   92] fs.stat(vscode-vfs://github/Raphael-08/test) took 0 ms (Provider query took 0 ms)
2024-03-01 18:51:59.965 [info] [   93] fs.writeFile(vscode-vfs://github/Raphael-08/test/another.txt) — 0, {"create":true,"overwrite":true,"unlock":false,"atomic":false}
2024-03-01 18:51:59.965 [info] [   94] fs.stat(vscode-vfs://github/Raphael-08/test/another.txt)
2024-03-01 18:51:59.965 [info] [   94] fs.stat(vscode-vfs://github/Raphael-08/test/another.txt) took 0 ms (Provider query took 0 ms)
2024-03-01 18:52:00.022 [info] [   93] fs.writeFile(vscode-vfs://github/Raphael-08/test/another.txt) took 57 ms
2024-03-01 18:52:00.037 [info] [   95] fs.stat(vscode-vfs://github/Raphael-08/test/another.txt)
2024-03-01 18:52:00.037 [info] [   95] fs.stat(vscode-vfs://github/Raphael-08/test/another.txt) took 0 ms (ChangeStore query took 0 ms)
2024-03-01 18:52:00.056 [info] [   96] fs.readFile(vscode-vfs://github/Raphael-08/test/another.txt)
2024-03-01 18:52:00.056 [info] [   97] fs.stat(vscode-vfs://github/Raphael-08/test/another.txt)
2024-03-01 18:52:00.057 [info] [   97] fs.stat(vscode-vfs://github/Raphael-08/test/another.txt) took 0 ms (ChangeStore query took 0 ms)
2024-03-01 18:52:00.058 [info] [   98] fs.stat(vscode-vfs://github/Raphael-08/test/another.txt)
2024-03-01 18:52:00.058 [info] [   98] fs.stat(vscode-vfs://github/Raphael-08/test/another.txt) took 0 ms (ChangeStore query took 0 ms)
2024-03-01 18:52:00.061 [info] [   96] fs.readFile(vscode-vfs://github/Raphael-08/test/another.txt) took 5 ms (ChangeStore query took 5 ms)
2024-03-01 18:52:31.215 [info] [   99] fs.stat(vscode-vfs://github/Raphael-08/test)
2024-03-01 18:52:31.216 [info] [   99] fs.stat(vscode-vfs://github/Raphael-08/test) took 0 ms (Provider query took 0 ms)
2024-03-01 18:52:31.216 [info] [  100] fs.stat(vscode-vfs://github/Raphael-08/test/another.txt)
2024-03-01 18:52:31.216 [info] [  100] fs.stat(vscode-vfs://github/Raphael-08/test/another.txt) took 0 ms (ChangeStore query took 0 ms)
2024-03-01 18:52:31.216 [info] [  101] fs.readDirectory(vscode-vfs://github/Raphael-08/test)
2024-03-01 18:52:31.216 [info] [  101] fs.readDirectory(vscode-vfs://github/Raphael-08/test) Provider query took 0 ms • Applying changes...
2024-03-01 18:52:31.216 [info] [  101] fs.readDirectory(vscode-vfs://github/Raphael-08/test) took 0 ms (Applying changes took 0 ms)
2024-03-01 18:52:41.081 [info] [  102] fs.stat(vscode-vfs://github/Raphael-08/test/another.txt)
2024-03-01 18:52:41.081 [info] [  102] fs.stat(vscode-vfs://github/Raphael-08/test/another.txt) took 0 ms (ChangeStore query took 0 ms)
2024-03-01 18:52:41.082 [info] [  103] fs.stat(vscode-vfs://github/Raphael-08/test/another.txt)
2024-03-01 18:52:41.082 [info] [  103] fs.stat(vscode-vfs://github/Raphael-08/test/another.txt) took 0 ms (ChangeStore query took 0 ms)
2024-03-01 18:52:41.082 [info] [  104] fs.readFile(vscode-vfs://github/Raphael-08/test/another.txt)
2024-03-01 18:52:41.084 [info] [  104] fs.readFile(vscode-vfs://github/Raphael-08/test/another.txt) took 1 ms (ChangeStore query took 1 ms)
2024-03-01 18:52:41.085 [info] [  105] fs.stat(vscode-vfs://github/Raphael-08/test/another.txt)
2024-03-01 18:52:41.085 [info] [  105] fs.stat(vscode-vfs://github/Raphael-08/test/another.txt) took 0 ms (ChangeStore query took 0 ms)
2024-03-01 18:52:51.999 [info] [  106] fs.stat(vscode-vfs://github/Raphael-08/test/another.txt)
2024-03-01 18:52:51.999 [info] [  106] fs.stat(vscode-vfs://github/Raphael-08/test/another.txt) took 0 ms (ChangeStore query took 0 ms)
2024-03-01 18:52:52.486 [info] [  107] fs.stat(vscode-vfs://github/Raphael-08/test)
2024-03-01 18:52:52.487 [info] [  107] fs.stat(vscode-vfs://github/Raphael-08/test) took 0 ms (Provider query took 0 ms)
2024-03-01 18:52:52.493 [info] [  108] fs.readDirectory(vscode-vfs://github/Raphael-08/test)
2024-03-01 18:52:52.493 [info] [  108] fs.readDirectory(vscode-vfs://github/Raphael-08/test) Provider query took 0 ms • Applying changes...
2024-03-01 18:52:52.493 [info] [  108] fs.readDirectory(vscode-vfs://github/Raphael-08/test) took 0 ms (Applying changes took 0 ms)
2024-03-01 18:53:03.948 [info] [  109] fs.stat(vscode-vfs://github/Raphael-08/test/another.txt)
2024-03-01 18:53:03.948 [info] [  109] fs.stat(vscode-vfs://github/Raphael-08/test/another.txt) took 0 ms (ChangeStore query took 0 ms)
2024-03-01 18:53:03.950 [info] [  110] fs.writeFile(vscode-vfs://github/Raphael-08/test/another.txt) — 7, {"create":true,"overwrite":true,"unlock":false,"atomic":false}
2024-03-01 18:53:03.950 [info] [  111] fs.stat(vscode-vfs://github/Raphael-08/test/another.txt)
2024-03-01 18:53:03.950 [info] [  111] fs.stat(vscode-vfs://github/Raphael-08/test/another.txt) took 0 ms (ChangeStore query took 0 ms)
2024-03-01 18:53:03.951 [info] [  110] fs.writeFile(vscode-vfs://github/Raphael-08/test/another.txt) Provider original query took 0 ms • Writing file to Change Store...
2024-03-01 18:53:03.978 [info] [  110] fs.writeFile(vscode-vfs://github/Raphael-08/test/another.txt) took 28 ms (Writing file took 27 ms)
2024-03-01 18:53:04.010 [info] [  112] fs.stat(vscode-vfs://github/Raphael-08/test/another.txt)
2024-03-01 18:53:04.010 [info] [  112] fs.stat(vscode-vfs://github/Raphael-08/test/another.txt) took 0 ms (ChangeStore query took 0 ms)
2024-03-01 18:53:04.013 [info] [  113] fs.stat(vscode-vfs://github/Raphael-08/test/another.txt)
2024-03-01 18:53:04.013 [info] [  113] fs.stat(vscode-vfs://github/Raphael-08/test/another.txt) took 0 ms (ChangeStore query took 0 ms)
2024-03-01 18:53:04.023 [info] [  114] fs.readFile(vscode-vfs://github/Raphael-08/test/another.txt)
2024-03-01 18:53:04.025 [info] [  114] fs.readFile(vscode-vfs://github/Raphael-08/test/another.txt) took 2 ms (ChangeStore query took 2 ms)
2024-03-01 18:53:08.675 [info] [  115] fs.stat(vscode-vfs://github/Raphael-08/test/another.txt)
2024-03-01 18:53:08.675 [info] [  115] fs.stat(vscode-vfs://github/Raphael-08/test/another.txt) took 0 ms (ChangeStore query took 0 ms)
2024-03-01 18:53:08.676 [info] [  116] fs.stat(vscode-vfs://github/Raphael-08/test/another.txt)
2024-03-01 18:53:08.676 [info] [  116] fs.stat(vscode-vfs://github/Raphael-08/test/another.txt) took 0 ms (ChangeStore query took 0 ms)
2024-03-01 18:53:08.677 [info] [  117] fs.readFile(vscode-vfs://github/Raphael-08/test/another.txt)
2024-03-01 18:53:08.682 [info] [  117] fs.readFile(vscode-vfs://github/Raphael-08/test/another.txt) took 5 ms (ChangeStore query took 5 ms)
2024-03-01 18:53:08.684 [info] [  118] fs.stat(vscode-vfs://github/Raphael-08/test/another.txt)
2024-03-01 18:53:08.685 [info] [  118] fs.stat(vscode-vfs://github/Raphael-08/test/another.txt) took 0 ms (ChangeStore query took 0 ms)
2024-03-01 18:53:30.406 [info] [  119] VirtualSourceControl.commitChanges(vscode-vfs://github/Raphael-08/test)
2024-03-01 18:53:31.134 [info] [  120] VirtualProviderService.updateMetadata(vscode-vfs://github/Raphael-08/test) — 6d768fef60fd4a953333c38b5c0758303d0e2acf
2024-03-01 18:53:31.136 [info] [  120] VirtualProviderService.updateMetadata(vscode-vfs://github/Raphael-08/test) took 2 ms
2024-03-01 18:53:31.142 [info] VirtualProviderService.onMetadataChanged(vscode-vfs://github/Raphael-08/test, reason=revision): Firing onDidChangeRepository...
2024-03-01 18:53:31.142 [info] fs.onRefreshOrRepositoryChanged(vscode-vfs://github/Raphael-08/test)
2024-03-01 18:53:31.142 [info] VirtualProviderService.onMetadataChanged(vscode-vfs://github/Raphael-08/test, reason=revision): Firing onDidChangeRepository...
2024-03-01 18:53:31.142 [info] fs.onRefreshOrRepositoryChanged(vscode-vfs://github/Raphael-08/test)
2024-03-01 18:53:31.154 [info] [  121] fs.stat(vscode-vfs://github/Raphael-08/test/another.txt)
2024-03-01 18:53:31.154 [info] [  121] fs.stat(vscode-vfs://github/Raphael-08/test/another.txt) took 0 ms (ChangeStore query took 0 ms)
2024-03-01 18:53:31.155 [info] [  122] fs.stat(vscode-vfs://github/Raphael-08/test/another.txt)
2024-03-01 18:53:31.155 [info] [  122] fs.stat(vscode-vfs://github/Raphael-08/test/another.txt) took 0 ms (ChangeStore query took 0 ms)
2024-03-01 18:53:31.255 [info] [  123] fs.readFile(vscode-vfs://github/Raphael-08/test/.vscode/settings.json)
2024-03-01 18:53:31.271 [info] [  124] fs.readFile(vscode-vfs://github/Raphael-08/test/.vscode/tasks.json)
2024-03-01 18:53:31.271 [info] [  125] fs.readFile(vscode-vfs://github/Raphael-08/test/.vscode/launch.json)
2024-03-01 18:53:31.272 [info] [  126] fs.stat(vscode-vfs://github/Raphael-08/test/.vscode/settings.json)
2024-03-01 18:53:31.272 [info] [  127] fs.stat(vscode-vfs://github/Raphael-08/test/.vscode/tasks.json)
2024-03-01 18:53:31.272 [info] [  128] fs.stat(vscode-vfs://github/Raphael-08/test/.vscode/launch.json)
2024-03-01 18:53:31.273 [info] [  129] fs.stat(vscode-vfs://github/Raphael-08/test/another.txt)
2024-03-01 18:53:31.273 [info] [  129] fs.stat(vscode-vfs://github/Raphael-08/test/another.txt) took 0 ms (ChangeStore query took 0 ms)
2024-03-01 18:53:31.657 [warning] [  119] VirtualSourceControl.commitChanges(vscode-vfs://github/Raphael-08/test) took 1250 ms
2024-03-01 18:53:31.670 [info] [  130] fs.stat(vscode-vfs://github/Raphael-08/test/another.txt)
2024-03-01 18:53:31.707 [info] [  130] fs.stat(vscode-vfs://github/Raphael-08/test/another.txt) took 37 ms (Provider query took 37 ms)
2024-03-01 18:53:31.707 [info] [  131] fs.stat(vscode-vfs://github/Raphael-08/test/another.txt)
2024-03-01 18:53:31.708 [info] [  131] fs.stat(vscode-vfs://github/Raphael-08/test/another.txt) took 0 ms (Provider query took 0 ms)
2024-03-01 18:53:31.708 [info] [  132] fs.stat(vscode-vfs://github/Raphael-08/test/another.txt)
2024-03-01 18:53:31.708 [info] [  132] fs.stat(vscode-vfs://github/Raphael-08/test/another.txt) took 0 ms (Provider query took 0 ms)
2024-03-01 18:53:31.708 [info] [  133] fs.readFile(vscode-vfs://github/Raphael-08/test/another.txt)
2024-03-01 18:53:31.717 [info] [  126] fs.stat(vscode-vfs://github/Raphael-08/test/.vscode/settings.json) took 445 ms (Provider query took 445 ms)
2024-03-01 18:53:31.717 [info] [  127] fs.stat(vscode-vfs://github/Raphael-08/test/.vscode/tasks.json) took 445 ms (Provider query took 445 ms)
2024-03-01 18:53:31.717 [info] [  128] fs.stat(vscode-vfs://github/Raphael-08/test/.vscode/launch.json) took 445 ms (Provider query took 445 ms)
2024-03-01 18:53:31.718 [info] [  123] fs.readFile(vscode-vfs://github/Raphael-08/test/.vscode/settings.json) took 462 ms (Provider query took 462 ms)
2024-03-01 18:53:31.718 [info] [  124] fs.readFile(vscode-vfs://github/Raphael-08/test/.vscode/tasks.json) took 446 ms (Provider query took 446 ms)
2024-03-01 18:53:31.718 [info] [  125] fs.readFile(vscode-vfs://github/Raphael-08/test/.vscode/launch.json) took 446 ms (Provider query took 446 ms)
2024-03-01 18:53:31.719 [info] [  134] fs.readFile(vscode-vfs://github/Raphael-08/test/.vscode/settings.json)
2024-03-01 18:53:31.719 [info] [  134] fs.readFile(vscode-vfs://github/Raphael-08/test/.vscode/settings.json) took 0 ms (Provider query took 0 ms)
2024-03-01 18:53:31.719 [info] [  135] fs.stat(vscode-vfs://github/Raphael-08/test/.vscode/settings.json)
2024-03-01 18:53:31.719 [info] [  135] fs.stat(vscode-vfs://github/Raphael-08/test/.vscode/settings.json) took 0 ms (Provider query took 0 ms)
2024-03-01 18:53:31.719 [info] [  136] fs.readFile(vscode-vfs://github/Raphael-08/test/.vscode/tasks.json)
2024-03-01 18:53:31.719 [info] [  136] fs.readFile(vscode-vfs://github/Raphael-08/test/.vscode/tasks.json) took 0 ms (Provider query took 0 ms)
2024-03-01 18:53:31.720 [info] [  137] fs.stat(vscode-vfs://github/Raphael-08/test/.vscode/tasks.json)
2024-03-01 18:53:31.720 [info] [  137] fs.stat(vscode-vfs://github/Raphael-08/test/.vscode/tasks.json) took 0 ms (Provider query took 0 ms)
2024-03-01 18:53:31.720 [info] [  138] fs.readFile(vscode-vfs://github/Raphael-08/test/.vscode/launch.json)
2024-03-01 18:53:31.720 [info] [  138] fs.readFile(vscode-vfs://github/Raphael-08/test/.vscode/launch.json) took 0 ms (Provider query took 0 ms)
2024-03-01 18:53:31.720 [info] [  139] fs.stat(vscode-vfs://github/Raphael-08/test/.vscode/launch.json)
2024-03-01 18:53:31.720 [info] [  139] fs.stat(vscode-vfs://github/Raphael-08/test/.vscode/launch.json) took 0 ms (Provider query took 0 ms)
2024-03-01 18:53:32.159 [info] [  133] fs.readFile(vscode-vfs://github/Raphael-08/test/another.txt) took 450 ms (Provider query took 450 ms)
2024-03-01 18:53:32.160 [info] [  140] fs.stat(vscode-vfs://github/Raphael-08/test/another.txt)
2024-03-01 18:53:32.160 [info] [  140] fs.stat(vscode-vfs://github/Raphael-08/test/another.txt) took 0 ms (Provider query took 0 ms)
2024-03-01 18:53:40.151 [info] [  141] fs.stat(vscode-vfs://github/Raphael-08/test/another.txt)
2024-03-01 18:53:40.151 [info] [  141] fs.stat(vscode-vfs://github/Raphael-08/test/another.txt) took 0 ms (Provider query took 0 ms)
2024-03-01 18:53:40.558 [info] [  142] fs.stat(vscode-vfs://github/Raphael-08/test/another.txt)
2024-03-01 18:53:40.559 [info] [  142] fs.stat(vscode-vfs://github/Raphael-08/test/another.txt) took 0 ms (Provider query took 0 ms)
2024-03-01 18:53:42.539 [info] [  143] fs.stat(vscode-vfs://github/Raphael-08/test)
2024-03-01 18:53:42.539 [info] [  143] fs.stat(vscode-vfs://github/Raphael-08/test) took 0 ms (Provider query took 0 ms)
2024-03-01 18:53:42.544 [info] [  144] fs.readDirectory(vscode-vfs://github/Raphael-08/test)
2024-03-01 18:53:42.544 [info] [  144] fs.readDirectory(vscode-vfs://github/Raphael-08/test) took 0 ms (Provider query took 0 ms)
2024-03-01 18:53:42.544 [info] [  145] fs.stat(vscode-vfs://github/Raphael-08/test/test.txt)
2024-03-01 18:53:42.544 [info] [  145] fs.stat(vscode-vfs://github/Raphael-08/test/test.txt) took 0 ms (Provider query took 0 ms)
2024-03-01 18:54:08.279 [info] [  146] VirtualProviderService.updateMetadata(vscode-vfs://github/Raphael-08/test) — 6d768fef60fd4a953333c38b5c0758303d0e2acf
2024-03-01 18:54:08.281 [info] [  146] VirtualProviderService.updateMetadata(vscode-vfs://github/Raphael-08/test) took 2 ms
2024-03-01 18:54:08.283 [info] VirtualProviderService.onMetadataChanged(vscode-vfs://github/Raphael-08/test, reason=undefined): Firing onDidChangeRepository...
2024-03-01 18:54:08.283 [info] VirtualProviderService.onMetadataChanged(vscode-vfs://github/Raphael-08/test, reason=undefined): Firing onDidChangeRepository...
2024-03-01 18:54:08.413 [info] [  147] fs.stat(vscode-vfs://github/Raphael-08/test/another.txt)
2024-03-01 18:54:08.413 [info] [  147] fs.stat(vscode-vfs://github/Raphael-08/test/another.txt) took 0 ms (Provider query took 0 ms)
2024-03-01 18:54:08.413 [info] [  148] fs.stat(vscode-vfs://github/Raphael-08/test/test.txt)
2024-03-01 18:54:08.413 [info] [  148] fs.stat(vscode-vfs://github/Raphael-08/test/test.txt) took 0 ms (Provider query took 0 ms)
2024-03-01 18:54:30.671 [info] [  149] fs.stat(vscode-vfs://github/Raphael-08/test)
2024-03-01 18:54:30.671 [info] [  149] fs.stat(vscode-vfs://github/Raphael-08/test) took 0 ms (Provider query took 0 ms)
2024-03-01 18:54:30.671 [info] [  150] fs.stat(vscode-vfs://github/Raphael-08/test/another.txt)
2024-03-01 18:54:30.671 [info] [  150] fs.stat(vscode-vfs://github/Raphael-08/test/another.txt) took 0 ms (Provider query took 0 ms)
2024-03-01 18:54:30.671 [info] [  151] fs.readDirectory(vscode-vfs://github/Raphael-08/test)
2024-03-01 18:54:30.671 [info] [  151] fs.readDirectory(vscode-vfs://github/Raphael-08/test) took 0 ms (Provider query took 0 ms)
2024-03-01 18:56:13.602 [info] [  152] fs.stat(vscode-vfs://github/Raphael-08/test/another.txt)
2024-03-01 18:56:13.602 [info] [  152] fs.stat(vscode-vfs://github/Raphael-08/test/another.txt) took 0 ms (Provider query took 0 ms)
2024-03-01 18:56:27.335 [info] [  153] fs.stat(vscode-vfs://github/Raphael-08/test/another.txt)
2024-03-01 18:56:27.335 [info] [  153] fs.stat(vscode-vfs://github/Raphael-08/test/another.txt) took 0 ms (Provider query took 0 ms)
2024-03-01 18:56:37.655 [info] [  154] fs.readFile(vscode-vfs://github/Raphael-08/test/another.txt)
2024-03-01 18:56:37.656 [info] [  154] fs.readFile(vscode-vfs://github/Raphael-08/test/another.txt) took 0 ms (Provider query took 0 ms)
2024-03-01 18:56:37.656 [info] [  155] fs.stat(vscode-vfs://github/Raphael-08/test/another.txt)
2024-03-01 18:56:37.656 [info] [  155] fs.stat(vscode-vfs://github/Raphael-08/test/another.txt) took 0 ms (Provider query took 0 ms)
2024-03-01 18:56:38.834 [info] [  156] fs.readFile(vscode-vfs://github/Raphael-08/test/test.txt)
2024-03-01 18:56:38.840 [info] [  157] fs.stat(vscode-vfs://github/Raphael-08/test/test.txt)
2024-03-01 18:56:38.840 [info] [  157] fs.stat(vscode-vfs://github/Raphael-08/test/test.txt) took 0 ms (Provider query took 0 ms)
2024-03-01 18:56:39.272 [info] [  156] fs.readFile(vscode-vfs://github/Raphael-08/test/test.txt) took 438 ms (Provider query took 437 ms)
2024-03-01 18:57:44.483 [info] [  158] fs.stat(vscode-vfs://github/Raphael-08/test/test.txt)
2024-03-01 18:57:44.483 [info] [  158] fs.stat(vscode-vfs://github/Raphael-08/test/test.txt) took 0 ms (Provider query took 0 ms)
