2024-02-29 18:42:17.903 [error] [uncaught exception in sharedProcess]: Event not found: onDidChange: CodeExpectedError: Event not found: onDidChange
    at Object.listen (/opt/visual-studio-code/resources/app/out/vs/code/node/sharedProcess/sharedProcessMain.js:45:4959)
    at E.t (/opt/visual-studio-code/resources/app/out/vs/code/node/sharedProcess/sharedProcessMain.js:44:251)
    at E.q (/opt/visual-studio-code/resources/app/out/vs/code/node/sharedProcess/sharedProcessMain.js:43:4371)
    at w.value (/opt/visual-studio-code/resources/app/out/vs/code/node/sharedProcess/sharedProcessMain.js:43:3602)
    at d.y (/opt/visual-studio-code/resources/app/out/vs/code/node/sharedProcess/sharedProcessMain.js:38:1902)
    at d.z (/opt/visual-studio-code/resources/app/out/vs/code/node/sharedProcess/sharedProcessMain.js:38:1972)
    at d.fire (/opt/visual-studio-code/resources/app/out/vs/code/node/sharedProcess/sharedProcessMain.js:38:2188)
    at MessagePortMain.de (/opt/visual-studio-code/resources/app/out/vs/code/node/sharedProcess/sharedProcessMain.js:36:30422)
    at MessagePortMain.emit (node:events:514:28)
    at Object.emit (node:electron/js2c/utility_init:2:2285)
2024-02-29 18:42:17.967 [info] Deleted uninstalled extension from disk catppuccin.catppuccin-vsc /home/mrv/.vscode/extensions/catppuccin.catppuccin-vsc-3.11.0
2024-02-29 18:42:17.996 [info] Deleted uninstalled extension from disk pkief.material-icon-theme /home/mrv/.vscode/extensions/pkief.material-icon-theme-4.33.0
2024-02-29 18:42:18.066 [error] [uncaught exception in sharedProcess]: Error: ENOENT: no such file or directory, stat '/home/mrv/.vscode/extensions/catppuccin.catppuccin-vsc-3.11.0.-655bb887.vsctmp': EntryNotFound (FileSystemError): Error: ENOENT: no such file or directory, stat '/home/mrv/.vscode/extensions/catppuccin.catppuccin-vsc-3.11.0.-655bb887.vsctmp'
    at r.create (/opt/visual-studio-code/resources/app/out/vs/code/node/sharedProcess/sharedProcessMain.js:51:30119)
    at a (/opt/visual-studio-code/resources/app/out/vs/code/node/sharedProcess/sharedProcessMain.js:51:30234)
    at i.fb (/opt/visual-studio-code/resources/app/out/vs/code/node/sharedProcess/sharedProcessMain.js:56:36631)
    at i.stat (/opt/visual-studio-code/resources/app/out/vs/code/node/sharedProcess/sharedProcessMain.js:56:29077)
    at async v.stat (/opt/visual-studio-code/resources/app/out/vs/code/node/sharedProcess/sharedProcessMain.js:56:16223)
    at async Y.tb (/opt/visual-studio-code/resources/app/out/vs/code/node/sharedProcess/sharedProcessMain.js:102:108626)
2024-02-29 18:42:18.124 [info] Deleted uninstalled extension from disk ms-vscode.cpptools /home/mrv/.vscode/extensions/ms-vscode.cpptools-1.18.5-linux-x64
2024-02-29 18:42:18.173 [info] Deleted uninstalled extension from disk ms-toolsai.jupyter /home/mrv/.vscode/extensions/ms-toolsai.jupyter-2024.1.0-linux-x64
2024-02-29 18:42:18.201 [info] Deleted uninstalled extension from disk ms-python.vscode-pylance /home/mrv/.vscode/extensions/ms-python.vscode-pylance-2023.12.1
2024-02-29 18:42:18.216 [info] Deleted uninstalled extension from disk ms-python.debugpy /home/mrv/.vscode/extensions/ms-python.debugpy-2024.0.0-linux-x64
2024-02-29 18:42:18.218 [info] Deleted uninstalled extension from disk ms-python.python /home/mrv/.vscode/extensions/ms-python.python-2024.0.0
