2024-03-01 18:47:56.666 [info] Reading sessions from keychain...
2024-03-01 18:47:56.666 [info] Getting sessions for all scopes...
2024-03-01 18:47:56.666 [info] Got 0 sessions for ...
2024-03-01 18:47:56.669 [info] Getting sessions for read:user,repo,user:email,workflow...
2024-03-01 18:47:56.669 [info] Got 0 sessions for read:user,repo,user:email,workflow...
2024-03-01 18:47:56.674 [info] Getting sessions for all scopes...
2024-03-01 18:47:56.674 [info] Got 0 sessions for ...
2024-03-01 18:47:58.170 [info] Logging in for the following scopes: read:user repo user:email workflow
2024-03-01 18:47:58.180 [info] Trying without local server... (read:user repo user:email workflow)
2024-03-01 18:48:42.648 [error] User Cancelled
2024-03-01 18:48:44.101 [info] Getting sessions for read:user,repo,user:email,workflow...
2024-03-01 18:48:44.101 [info] Got 0 sessions for read:user,repo,user:email,workflow...
2024-03-01 18:49:41.359 [info] Logging in for the following scopes: read:user repo user:email workflow
2024-03-01 18:49:41.361 [info] Trying without local server... (read:user repo user:email workflow)
2024-03-01 18:49:53.103 [info] Exchanging code for token...
2024-03-01 18:49:53.741 [info] Token exchange success!
2024-03-01 18:49:53.741 [info] Getting user info...
2024-03-01 18:49:54.251 [info] Got account info!
2024-03-01 18:49:54.251 [info] Storing 1 sessions...
2024-03-01 18:50:15.945 [info] Reading sessions from keychain...
2024-03-01 18:50:15.945 [info] Stored 1 sessions!
2024-03-01 18:50:15.945 [info] Login success!
2024-03-01 18:50:15.955 [info] Got stored sessions!
2024-03-01 18:50:15.955 [info] Got 1 verified sessions.
2024-03-01 18:50:15.956 [info] Getting sessions for read:user,repo,user:email,workflow...
2024-03-01 18:50:15.956 [info] Got 1 sessions for read:user,repo,user:email,workflow...
2024-03-01 18:51:07.298 [info] Reading sessions from keychain...
2024-03-01 18:51:07.298 [info] Getting sessions for all scopes...
2024-03-01 18:51:07.374 [info] Getting sessions for read:user,repo,user:email,workflow...
2024-03-01 18:51:07.423 [info] Got stored sessions!
2024-03-01 18:51:07.423 [info] Got 1 verified sessions.
2024-03-01 18:51:07.423 [info] Got 1 sessions for ...
2024-03-01 18:51:07.424 [info] Got 1 sessions for read:user,repo,user:email,workflow...
2024-03-01 18:51:07.461 [info] Getting sessions for all scopes...
2024-03-01 18:51:07.461 [info] Got 1 sessions for ...
